01-Dec-2022 21:14:00.963 INFO [main] org.apache.catalina.startup.VersionLoggerListener.log Server version name:   Apache Tomcat/9.0.68
01-Dec-2022 21:14:00.965 INFO [main] org.apache.catalina.startup.VersionLoggerListener.log Server built:          Oct 3 2022 19:06:10 UTC
01-Dec-2022 21:14:00.965 INFO [main] org.apache.catalina.startup.VersionLoggerListener.log Server version number: 9.0.68.0
01-Dec-2022 21:14:00.965 INFO [main] org.apache.catalina.startup.VersionLoggerListener.log OS Name:               Windows 10
01-Dec-2022 21:14:00.965 INFO [main] org.apache.catalina.startup.VersionLoggerListener.log OS Version:            10.0
01-Dec-2022 21:14:00.965 INFO [main] org.apache.catalina.startup.VersionLoggerListener.log Architecture:          amd64
01-Dec-2022 21:14:00.966 INFO [main] org.apache.catalina.startup.VersionLoggerListener.log Java Home:             C:\Program Files\Java\jdk-17
01-Dec-2022 21:14:00.966 INFO [main] org.apache.catalina.startup.VersionLoggerListener.log JVM Version:           17+35-LTS-2724
01-Dec-2022 21:14:00.966 INFO [main] org.apache.catalina.startup.VersionLoggerListener.log JVM Vendor:            Oracle Corporation
01-Dec-2022 21:14:00.966 INFO [main] org.apache.catalina.startup.VersionLoggerListener.log CATALINA_BASE:         C:\Users\Mateusz\Professional Design Project\pdp-augmented-reality\Desktop Application\apache-tomcat-9.0.68
01-Dec-2022 21:14:00.966 INFO [main] org.apache.catalina.startup.VersionLoggerListener.log CATALINA_HOME:         C:\Users\Mateusz\Professional Design Project\pdp-augmented-reality\Desktop Application\apache-tomcat-9.0.68
01-Dec-2022 21:14:00.973 INFO [main] org.apache.catalina.startup.VersionLoggerListener.log Command line argument: --add-opens=java.base/java.lang=ALL-UNNAMED
01-Dec-2022 21:14:00.973 INFO [main] org.apache.catalina.startup.VersionLoggerListener.log Command line argument: --add-opens=java.base/java.io=ALL-UNNAMED
01-Dec-2022 21:14:00.973 INFO [main] org.apache.catalina.startup.VersionLoggerListener.log Command line argument: --add-opens=java.base/java.util=ALL-UNNAMED
01-Dec-2022 21:14:00.973 INFO [main] org.apache.catalina.startup.VersionLoggerListener.log Command line argument: --add-opens=java.base/java.util.concurrent=ALL-UNNAMED
01-Dec-2022 21:14:00.973 INFO [main] org.apache.catalina.startup.VersionLoggerListener.log Command line argument: --add-opens=java.rmi/sun.rmi.transport=ALL-UNNAMED
01-Dec-2022 21:14:00.973 INFO [main] org.apache.catalina.startup.VersionLoggerListener.log Command line argument: -Djava.util.logging.config.file=C:\Users\Mateusz\Professional Design Project\pdp-augmented-reality\Desktop Application\apache-tomcat-9.0.68\conf\logging.properties
01-Dec-2022 21:14:00.974 INFO [main] org.apache.catalina.startup.VersionLoggerListener.log Command line argument: -Djava.util.logging.manager=org.apache.juli.ClassLoaderLogManager
01-Dec-2022 21:14:00.974 INFO [main] org.apache.catalina.startup.VersionLoggerListener.log Command line argument: -Djdk.tls.ephemeralDHKeySize=2048
01-Dec-2022 21:14:00.974 INFO [main] org.apache.catalina.startup.VersionLoggerListener.log Command line argument: -Djava.protocol.handler.pkgs=org.apache.catalina.webresources
01-Dec-2022 21:14:00.974 INFO [main] org.apache.catalina.startup.VersionLoggerListener.log Command line argument: -Dignore.endorsed.dirs=
01-Dec-2022 21:14:00.974 INFO [main] org.apache.catalina.startup.VersionLoggerListener.log Command line argument: -Dcatalina.base=C:\Users\Mateusz\Professional Design Project\pdp-augmented-reality\Desktop Application\apache-tomcat-9.0.68
01-Dec-2022 21:14:00.974 INFO [main] org.apache.catalina.startup.VersionLoggerListener.log Command line argument: -Dcatalina.home=C:\Users\Mateusz\Professional Design Project\pdp-augmented-reality\Desktop Application\apache-tomcat-9.0.68
01-Dec-2022 21:14:00.975 INFO [main] org.apache.catalina.startup.VersionLoggerListener.log Command line argument: -Djava.io.tmpdir=C:\Users\Mateusz\Professional Design Project\pdp-augmented-reality\Desktop Application\apache-tomcat-9.0.68\temp
01-Dec-2022 21:14:00.981 INFO [main] org.apache.catalina.core.AprLifecycleListener.lifecycleEvent Loaded Apache Tomcat Native library [1.2.35] using APR version [1.7.0].
01-Dec-2022 21:14:00.981 INFO [main] org.apache.catalina.core.AprLifecycleListener.lifecycleEvent APR capabilities: IPv6 [true], sendfile [true], accept filters [false], random [true], UDS [true].
01-Dec-2022 21:14:00.981 INFO [main] org.apache.catalina.core.AprLifecycleListener.lifecycleEvent APR/OpenSSL configuration: useAprConnector [false], useOpenSSL [true]
01-Dec-2022 21:14:00.991 INFO [main] org.apache.catalina.core.AprLifecycleListener.initializeSSL OpenSSL successfully initialized [OpenSSL 1.1.1q  5 Jul 2022]
01-Dec-2022 21:14:01.173 INFO [main] org.apache.coyote.AbstractProtocol.init Initializing ProtocolHandler ["http-nio-8080"]
01-Dec-2022 21:14:01.192 INFO [main] org.apache.coyote.AbstractProtocol.init Initializing ProtocolHandler ["https-openssl-nio-8443"]
01-Dec-2022 21:14:01.367 INFO [main] org.apache.catalina.startup.Catalina.load Server initialization in [541] milliseconds
01-Dec-2022 21:14:01.402 INFO [main] org.apache.catalina.core.StandardService.startInternal Starting service [Catalina]
01-Dec-2022 21:14:01.402 INFO [main] org.apache.catalina.core.StandardEngine.startInternal Starting Servlet engine: [Apache Tomcat/9.0.68]
01-Dec-2022 21:14:01.415 INFO [main] org.apache.catalina.startup.HostConfig.deployWAR Deploying web application archive [C:\Users\Mateusz\Professional Design Project\pdp-augmented-reality\Desktop Application\apache-tomcat-9.0.68\webapps\engiee#camera.war]
01-Dec-2022 21:14:01.428 INFO [main] org.apache.catalina.startup.ExpandWar.expand An expanded directory [C:\Users\Mateusz\Professional Design Project\pdp-augmented-reality\Desktop Application\apache-tomcat-9.0.68\webapps\engiee#camera] was found with a last modified time that did not match the associated WAR. It will be deleted.
01-Dec-2022 21:14:01.521 WARNING [main] org.apache.tomcat.util.descriptor.web.WebXml.setVersion Unknown version string [5.0]. Default version will be used.
01-Dec-2022 21:14:01.653 INFO [main] org.apache.catalina.startup.HostConfig.deployWAR Deployment of web application archive [C:\Users\Mateusz\Professional Design Project\pdp-augmented-reality\Desktop Application\apache-tomcat-9.0.68\webapps\engiee#camera.war] has finished in [237] ms
01-Dec-2022 21:14:01.656 INFO [main] org.apache.catalina.startup.HostConfig.deployWAR Deploying web application archive [C:\Users\Mateusz\Professional Design Project\pdp-augmented-reality\Desktop Application\apache-tomcat-9.0.68\webapps\engiee#phone.war]
01-Dec-2022 21:14:01.659 INFO [main] org.apache.catalina.startup.ExpandWar.expand An expanded directory [C:\Users\Mateusz\Professional Design Project\pdp-augmented-reality\Desktop Application\apache-tomcat-9.0.68\webapps\engiee#phone] was found with a last modified time that did not match the associated WAR. It will be deleted.
01-Dec-2022 21:14:01.688 WARNING [main] org.apache.tomcat.util.descriptor.web.WebXml.setVersion Unknown version string [5.0]. Default version will be used.
01-Dec-2022 21:14:01.711 INFO [main] org.apache.catalina.startup.HostConfig.deployWAR Deployment of web application archive [C:\Users\Mateusz\Professional Design Project\pdp-augmented-reality\Desktop Application\apache-tomcat-9.0.68\webapps\engiee#phone.war] has finished in [55] ms
01-Dec-2022 21:14:01.712 INFO [main] org.apache.catalina.startup.HostConfig.deployWAR Deploying web application archive [C:\Users\Mateusz\Professional Design Project\pdp-augmented-reality\Desktop Application\apache-tomcat-9.0.68\webapps\engiee#screen.war]
01-Dec-2022 21:14:01.714 INFO [main] org.apache.catalina.startup.ExpandWar.expand An expanded directory [C:\Users\Mateusz\Professional Design Project\pdp-augmented-reality\Desktop Application\apache-tomcat-9.0.68\webapps\engiee#screen] was found with a last modified time that did not match the associated WAR. It will be deleted.
01-Dec-2022 21:14:01.741 WARNING [main] org.apache.tomcat.util.descriptor.web.WebXml.setVersion Unknown version string [5.0]. Default version will be used.
01-Dec-2022 21:14:01.764 INFO [main] org.apache.catalina.startup.HostConfig.deployWAR Deployment of web application archive [C:\Users\Mateusz\Professional Design Project\pdp-augmented-reality\Desktop Application\apache-tomcat-9.0.68\webapps\engiee#screen.war] has finished in [52] ms
01-Dec-2022 21:14:01.765 INFO [main] org.apache.catalina.startup.HostConfig.deployWAR Deploying web application archive [C:\Users\Mateusz\Professional Design Project\pdp-augmented-reality\Desktop Application\apache-tomcat-9.0.68\webapps\engiee.war]
01-Dec-2022 21:14:01.777 WARNING [main] org.apache.tomcat.util.descriptor.web.WebXml.setVersion Unknown version string [5.0]. Default version will be used.
01-Dec-2022 21:14:01.796 INFO [main] org.apache.catalina.startup.HostConfig.deployWAR Deployment of web application archive [C:\Users\Mateusz\Professional Design Project\pdp-augmented-reality\Desktop Application\apache-tomcat-9.0.68\webapps\engiee.war] has finished in [31] ms
01-Dec-2022 21:14:01.797 INFO [main] org.apache.catalina.startup.HostConfig.deployDirectory Deploying web application directory [C:\Users\Mateusz\Professional Design Project\pdp-augmented-reality\Desktop Application\apache-tomcat-9.0.68\webapps\docs]
01-Dec-2022 21:14:01.819 INFO [main] org.apache.catalina.startup.HostConfig.deployDirectory Deployment of web application directory [C:\Users\Mateusz\Professional Design Project\pdp-augmented-reality\Desktop Application\apache-tomcat-9.0.68\webapps\docs] has finished in [22] ms
01-Dec-2022 21:14:01.819 INFO [main] org.apache.catalina.startup.HostConfig.deployDirectory Deploying web application directory [C:\Users\Mateusz\Professional Design Project\pdp-augmented-reality\Desktop Application\apache-tomcat-9.0.68\webapps\examples]
01-Dec-2022 21:14:02.209 INFO [main] org.apache.catalina.startup.HostConfig.deployDirectory Deployment of web application directory [C:\Users\Mateusz\Professional Design Project\pdp-augmented-reality\Desktop Application\apache-tomcat-9.0.68\webapps\examples] has finished in [390] ms
01-Dec-2022 21:14:02.209 INFO [main] org.apache.catalina.startup.HostConfig.deployDirectory Deploying web application directory [C:\Users\Mateusz\Professional Design Project\pdp-augmented-reality\Desktop Application\apache-tomcat-9.0.68\webapps\host-manager]
01-Dec-2022 21:14:02.249 INFO [main] org.apache.catalina.startup.HostConfig.deployDirectory Deployment of web application directory [C:\Users\Mateusz\Professional Design Project\pdp-augmented-reality\Desktop Application\apache-tomcat-9.0.68\webapps\host-manager] has finished in [40] ms
01-Dec-2022 21:14:02.249 INFO [main] org.apache.catalina.startup.HostConfig.deployDirectory Deploying web application directory [C:\Users\Mateusz\Professional Design Project\pdp-augmented-reality\Desktop Application\apache-tomcat-9.0.68\webapps\manager]
01-Dec-2022 21:14:02.291 INFO [main] org.apache.catalina.startup.HostConfig.deployDirectory Deployment of web application directory [C:\Users\Mateusz\Professional Design Project\pdp-augmented-reality\Desktop Application\apache-tomcat-9.0.68\webapps\manager] has finished in [42] ms
01-Dec-2022 21:14:02.292 INFO [main] org.apache.catalina.startup.HostConfig.deployDirectory Deploying web application directory [C:\Users\Mateusz\Professional Design Project\pdp-augmented-reality\Desktop Application\apache-tomcat-9.0.68\webapps\ROOT]
01-Dec-2022 21:14:02.314 INFO [main] org.apache.catalina.startup.HostConfig.deployDirectory Deployment of web application directory [C:\Users\Mateusz\Professional Design Project\pdp-augmented-reality\Desktop Application\apache-tomcat-9.0.68\webapps\ROOT] has finished in [22] ms
01-Dec-2022 21:14:02.317 INFO [main] org.apache.coyote.AbstractProtocol.start Starting ProtocolHandler ["http-nio-8080"]
01-Dec-2022 21:14:02.331 INFO [main] org.apache.coyote.AbstractProtocol.start Starting ProtocolHandler ["https-openssl-nio-8443"]
01-Dec-2022 21:14:02.334 INFO [main] org.apache.catalina.startup.Catalina.start Server startup in [966] milliseconds
01-Dec-2022 21:17:43.091 SEVERE [https-openssl-nio-8443-exec-10] org.apache.tomcat.websocket.pojo.PojoEndpointBase.onError No error handling configured for [com.team4.engieescreen.Server] and the following error occurred
	java.io.IOException: java.io.IOException: Nawiązane połączenie zostało przerwane przez oprogramowanie zainstalowane w komputerze-hoście
		at org.apache.tomcat.websocket.WsRemoteEndpointImplBase.sendMessageBlock(WsRemoteEndpointImplBase.java:327)
		at org.apache.tomcat.websocket.WsRemoteEndpointImplBase.sendMessageBlock(WsRemoteEndpointImplBase.java:262)
		at org.apache.tomcat.websocket.WsSession.sendCloseMessage(WsSession.java:824)
		at org.apache.tomcat.websocket.WsSession.onClose(WsSession.java:747)
		at org.apache.tomcat.websocket.WsFrameBase.processDataControl(WsFrameBase.java:367)
		at org.apache.tomcat.websocket.WsFrameBase.processData(WsFrameBase.java:296)
		at org.apache.tomcat.websocket.WsFrameBase.processInputBuffer(WsFrameBase.java:133)
		at org.apache.tomcat.websocket.server.WsFrameServer.onDataAvailable(WsFrameServer.java:85)
		at org.apache.tomcat.websocket.server.WsFrameServer.doOnDataAvailable(WsFrameServer.java:183)
		at org.apache.tomcat.websocket.server.WsFrameServer.notifyDataAvailable(WsFrameServer.java:162)
		at org.apache.tomcat.websocket.server.WsHttpUpgradeHandler.upgradeDispatch(WsHttpUpgradeHandler.java:157)
		at org.apache.coyote.http11.upgrade.UpgradeProcessorInternal.dispatch(UpgradeProcessorInternal.java:60)
		at org.apache.coyote.AbstractProcessorLight.process(AbstractProcessorLight.java:59)
		at org.apache.coyote.AbstractProtocol$ConnectionHandler.process(AbstractProtocol.java:893)
		at org.apache.tomcat.util.net.NioEndpoint$SocketProcessor.doRun(NioEndpoint.java:1789)
		at org.apache.tomcat.util.net.SocketProcessorBase.run(SocketProcessorBase.java:49)
		at org.apache.tomcat.util.threads.ThreadPoolExecutor.runWorker(ThreadPoolExecutor.java:1191)
		at org.apache.tomcat.util.threads.ThreadPoolExecutor$Worker.run(ThreadPoolExecutor.java:659)
		at org.apache.tomcat.util.threads.TaskThread$WrappingRunnable.run(TaskThread.java:61)
		at java.base/java.lang.Thread.run(Thread.java:833)
	Caused by: java.io.IOException: Nawiązane połączenie zostało przerwane przez oprogramowanie zainstalowane w komputerze-hoście
		at java.base/sun.nio.ch.SocketDispatcher.write0(Native Method)
		at java.base/sun.nio.ch.SocketDispatcher.write(SocketDispatcher.java:54)
		at java.base/sun.nio.ch.IOUtil.writeFromNativeBuffer(IOUtil.java:132)
		at java.base/sun.nio.ch.IOUtil.write(IOUtil.java:97)
		at java.base/sun.nio.ch.IOUtil.write(IOUtil.java:53)
		at java.base/sun.nio.ch.SocketChannelImpl.write(SocketChannelImpl.java:532)
		at org.apache.tomcat.util.net.SecureNioChannel.flush(SecureNioChannel.java:124)
		at org.apache.tomcat.util.net.SecureNioChannel.write(SecureNioChannel.java:861)
		at org.apache.tomcat.util.net.NioEndpoint$NioSocketWrapper$NioOperationState.run(NioEndpoint.java:1680)
		at org.apache.tomcat.util.net.SocketWrapperBase$OperationState.start(SocketWrapperBase.java:1070)
		at org.apache.tomcat.util.net.SocketWrapperBase.vectoredOperation(SocketWrapperBase.java:1489)
		at org.apache.tomcat.util.net.SocketWrapperBase.write(SocketWrapperBase.java:1415)
		at org.apache.tomcat.util.net.SocketWrapperBase.write(SocketWrapperBase.java:1386)
		at org.apache.tomcat.websocket.server.WsRemoteEndpointImplServer.doWrite(WsRemoteEndpointImplServer.java:93)
		at org.apache.tomcat.websocket.WsRemoteEndpointImplBase.writeMessagePart(WsRemoteEndpointImplBase.java:512)
		at org.apache.tomcat.websocket.WsRemoteEndpointImplBase.sendMessageBlock(WsRemoteEndpointImplBase.java:314)
		... 19 more
01-Dec-2022 21:19:05.847 SEVERE [https-openssl-nio-8443-exec-6] org.apache.tomcat.websocket.pojo.PojoEndpointBase.onError No error handling configured for [com.team4.engieecamera.Server] and the following error occurred
	java.io.IOException: java.io.IOException: Nawiązane połączenie zostało przerwane przez oprogramowanie zainstalowane w komputerze-hoście
		at org.apache.tomcat.websocket.WsRemoteEndpointImplBase.sendMessageBlock(WsRemoteEndpointImplBase.java:327)
		at org.apache.tomcat.websocket.WsRemoteEndpointImplBase.sendMessageBlock(WsRemoteEndpointImplBase.java:262)
		at org.apache.tomcat.websocket.WsSession.sendCloseMessage(WsSession.java:824)
		at org.apache.tomcat.websocket.WsSession.onClose(WsSession.java:747)
		at org.apache.tomcat.websocket.WsFrameBase.processDataControl(WsFrameBase.java:367)
		at org.apache.tomcat.websocket.WsFrameBase.processData(WsFrameBase.java:296)
		at org.apache.tomcat.websocket.WsFrameBase.processInputBuffer(WsFrameBase.java:133)
		at org.apache.tomcat.websocket.server.WsFrameServer.onDataAvailable(WsFrameServer.java:85)
		at org.apache.tomcat.websocket.server.WsFrameServer.doOnDataAvailable(WsFrameServer.java:183)
		at org.apache.tomcat.websocket.server.WsFrameServer.notifyDataAvailable(WsFrameServer.java:162)
		at org.apache.tomcat.websocket.server.WsHttpUpgradeHandler.upgradeDispatch(WsHttpUpgradeHandler.java:157)
		at org.apache.coyote.http11.upgrade.UpgradeProcessorInternal.dispatch(UpgradeProcessorInternal.java:60)
		at org.apache.coyote.AbstractProcessorLight.process(AbstractProcessorLight.java:59)
		at org.apache.coyote.AbstractProtocol$ConnectionHandler.process(AbstractProtocol.java:893)
		at org.apache.tomcat.util.net.NioEndpoint$SocketProcessor.doRun(NioEndpoint.java:1789)
		at org.apache.tomcat.util.net.SocketProcessorBase.run(SocketProcessorBase.java:49)
		at org.apache.tomcat.util.threads.ThreadPoolExecutor.runWorker(ThreadPoolExecutor.java:1191)
		at org.apache.tomcat.util.threads.ThreadPoolExecutor$Worker.run(ThreadPoolExecutor.java:659)
		at org.apache.tomcat.util.threads.TaskThread$WrappingRunnable.run(TaskThread.java:61)
		at java.base/java.lang.Thread.run(Thread.java:833)
	Caused by: java.io.IOException: Nawiązane połączenie zostało przerwane przez oprogramowanie zainstalowane w komputerze-hoście
		at java.base/sun.nio.ch.SocketDispatcher.write0(Native Method)
		at java.base/sun.nio.ch.SocketDispatcher.write(SocketDispatcher.java:54)
		at java.base/sun.nio.ch.IOUtil.writeFromNativeBuffer(IOUtil.java:132)
		at java.base/sun.nio.ch.IOUtil.write(IOUtil.java:97)
		at java.base/sun.nio.ch.IOUtil.write(IOUtil.java:53)
		at java.base/sun.nio.ch.SocketChannelImpl.write(SocketChannelImpl.java:532)
		at org.apache.tomcat.util.net.SecureNioChannel.flush(SecureNioChannel.java:124)
		at org.apache.tomcat.util.net.SecureNioChannel.write(SecureNioChannel.java:861)
		at org.apache.tomcat.util.net.NioEndpoint$NioSocketWrapper$NioOperationState.run(NioEndpoint.java:1680)
		at org.apache.tomcat.util.net.SocketWrapperBase$OperationState.start(SocketWrapperBase.java:1070)
		at org.apache.tomcat.util.net.SocketWrapperBase.vectoredOperation(SocketWrapperBase.java:1489)
		at org.apache.tomcat.util.net.SocketWrapperBase.write(SocketWrapperBase.java:1415)
		at org.apache.tomcat.util.net.SocketWrapperBase.write(SocketWrapperBase.java:1386)
		at org.apache.tomcat.websocket.server.WsRemoteEndpointImplServer.doWrite(WsRemoteEndpointImplServer.java:93)
		at org.apache.tomcat.websocket.WsRemoteEndpointImplBase.writeMessagePart(WsRemoteEndpointImplBase.java:512)
		at org.apache.tomcat.websocket.WsRemoteEndpointImplBase.sendMessageBlock(WsRemoteEndpointImplBase.java:314)
		... 19 more
01-Dec-2022 21:21:11.650 SEVERE [https-openssl-nio-8443-exec-1] org.apache.tomcat.websocket.pojo.PojoEndpointBase.onError No error handling configured for [com.team4.engieephone.Server] and the following error occurred
	java.io.IOException: java.io.IOException: Nawiązane połączenie zostało przerwane przez oprogramowanie zainstalowane w komputerze-hoście
		at org.apache.tomcat.websocket.WsRemoteEndpointImplBase.sendMessageBlock(WsRemoteEndpointImplBase.java:327)
		at org.apache.tomcat.websocket.WsRemoteEndpointImplBase.sendMessageBlock(WsRemoteEndpointImplBase.java:262)
		at org.apache.tomcat.websocket.WsSession.sendCloseMessage(WsSession.java:824)
		at org.apache.tomcat.websocket.WsSession.onClose(WsSession.java:747)
		at org.apache.tomcat.websocket.WsFrameBase.processDataControl(WsFrameBase.java:367)
		at org.apache.tomcat.websocket.WsFrameBase.processData(WsFrameBase.java:296)
		at org.apache.tomcat.websocket.WsFrameBase.processInputBuffer(WsFrameBase.java:133)
		at org.apache.tomcat.websocket.server.WsFrameServer.onDataAvailable(WsFrameServer.java:85)
		at org.apache.tomcat.websocket.server.WsFrameServer.doOnDataAvailable(WsFrameServer.java:183)
		at org.apache.tomcat.websocket.server.WsFrameServer.notifyDataAvailable(WsFrameServer.java:162)
		at org.apache.tomcat.websocket.server.WsHttpUpgradeHandler.upgradeDispatch(WsHttpUpgradeHandler.java:157)
		at org.apache.coyote.http11.upgrade.UpgradeProcessorInternal.dispatch(UpgradeProcessorInternal.java:60)
		at org.apache.coyote.AbstractProcessorLight.process(AbstractProcessorLight.java:59)
		at org.apache.coyote.AbstractProtocol$ConnectionHandler.process(AbstractProtocol.java:893)
		at org.apache.tomcat.util.net.NioEndpoint$SocketProcessor.doRun(NioEndpoint.java:1789)
		at org.apache.tomcat.util.net.SocketProcessorBase.run(SocketProcessorBase.java:49)
		at org.apache.tomcat.util.threads.ThreadPoolExecutor.runWorker(ThreadPoolExecutor.java:1191)
		at org.apache.tomcat.util.threads.ThreadPoolExecutor$Worker.run(ThreadPoolExecutor.java:659)
		at org.apache.tomcat.util.threads.TaskThread$WrappingRunnable.run(TaskThread.java:61)
		at java.base/java.lang.Thread.run(Thread.java:833)
	Caused by: java.io.IOException: Nawiązane połączenie zostało przerwane przez oprogramowanie zainstalowane w komputerze-hoście
		at java.base/sun.nio.ch.SocketDispatcher.write0(Native Method)
		at java.base/sun.nio.ch.SocketDispatcher.write(SocketDispatcher.java:54)
		at java.base/sun.nio.ch.IOUtil.writeFromNativeBuffer(IOUtil.java:132)
		at java.base/sun.nio.ch.IOUtil.write(IOUtil.java:97)
		at java.base/sun.nio.ch.IOUtil.write(IOUtil.java:53)
		at java.base/sun.nio.ch.SocketChannelImpl.write(SocketChannelImpl.java:532)
		at org.apache.tomcat.util.net.SecureNioChannel.flush(SecureNioChannel.java:124)
		at org.apache.tomcat.util.net.SecureNioChannel.write(SecureNioChannel.java:861)
		at org.apache.tomcat.util.net.NioEndpoint$NioSocketWrapper$NioOperationState.run(NioEndpoint.java:1680)
		at org.apache.tomcat.util.net.SocketWrapperBase$OperationState.start(SocketWrapperBase.java:1070)
		at org.apache.tomcat.util.net.SocketWrapperBase.vectoredOperation(SocketWrapperBase.java:1489)
		at org.apache.tomcat.util.net.SocketWrapperBase.write(SocketWrapperBase.java:1415)
		at org.apache.tomcat.util.net.SocketWrapperBase.write(SocketWrapperBase.java:1386)
		at org.apache.tomcat.websocket.server.WsRemoteEndpointImplServer.doWrite(WsRemoteEndpointImplServer.java:93)
		at org.apache.tomcat.websocket.WsRemoteEndpointImplBase.writeMessagePart(WsRemoteEndpointImplBase.java:512)
		at org.apache.tomcat.websocket.WsRemoteEndpointImplBase.sendMessageBlock(WsRemoteEndpointImplBase.java:314)
		... 19 more
01-Dec-2022 21:21:53.116 SEVERE [https-openssl-nio-8443-exec-4] org.apache.tomcat.websocket.pojo.PojoEndpointBase.onError No error handling configured for [com.team4.engieephone.Server] and the following error occurred
	java.io.IOException: java.io.IOException: Nawiązane połączenie zostało przerwane przez oprogramowanie zainstalowane w komputerze-hoście
		at org.apache.tomcat.websocket.WsRemoteEndpointImplBase.sendMessageBlock(WsRemoteEndpointImplBase.java:327)
		at org.apache.tomcat.websocket.WsRemoteEndpointImplBase.sendMessageBlock(WsRemoteEndpointImplBase.java:262)
		at org.apache.tomcat.websocket.WsSession.sendCloseMessage(WsSession.java:824)
		at org.apache.tomcat.websocket.WsSession.onClose(WsSession.java:747)
		at org.apache.tomcat.websocket.WsFrameBase.processDataControl(WsFrameBase.java:367)
		at org.apache.tomcat.websocket.WsFrameBase.processData(WsFrameBase.java:296)
		at org.apache.tomcat.websocket.WsFrameBase.processInputBuffer(WsFrameBase.java:133)
		at org.apache.tomcat.websocket.server.WsFrameServer.onDataAvailable(WsFrameServer.java:85)
		at org.apache.tomcat.websocket.server.WsFrameServer.doOnDataAvailable(WsFrameServer.java:183)
		at org.apache.tomcat.websocket.server.WsFrameServer.notifyDataAvailable(WsFrameServer.java:162)
		at org.apache.tomcat.websocket.server.WsHttpUpgradeHandler.upgradeDispatch(WsHttpUpgradeHandler.java:157)
		at org.apache.coyote.http11.upgrade.UpgradeProcessorInternal.dispatch(UpgradeProcessorInternal.java:60)
		at org.apache.coyote.AbstractProcessorLight.process(AbstractProcessorLight.java:59)
		at org.apache.coyote.AbstractProtocol$ConnectionHandler.process(AbstractProtocol.java:893)
		at org.apache.tomcat.util.net.NioEndpoint$SocketProcessor.doRun(NioEndpoint.java:1789)
		at org.apache.tomcat.util.net.SocketProcessorBase.run(SocketProcessorBase.java:49)
		at org.apache.tomcat.util.threads.ThreadPoolExecutor.runWorker(ThreadPoolExecutor.java:1191)
		at org.apache.tomcat.util.threads.ThreadPoolExecutor$Worker.run(ThreadPoolExecutor.java:659)
		at org.apache.tomcat.util.threads.TaskThread$WrappingRunnable.run(TaskThread.java:61)
		at java.base/java.lang.Thread.run(Thread.java:833)
	Caused by: java.io.IOException: Nawiązane połączenie zostało przerwane przez oprogramowanie zainstalowane w komputerze-hoście
		at java.base/sun.nio.ch.SocketDispatcher.write0(Native Method)
		at java.base/sun.nio.ch.SocketDispatcher.write(SocketDispatcher.java:54)
		at java.base/sun.nio.ch.IOUtil.writeFromNativeBuffer(IOUtil.java:132)
		at java.base/sun.nio.ch.IOUtil.write(IOUtil.java:97)
		at java.base/sun.nio.ch.IOUtil.write(IOUtil.java:53)
		at java.base/sun.nio.ch.SocketChannelImpl.write(SocketChannelImpl.java:532)
		at org.apache.tomcat.util.net.SecureNioChannel.flush(SecureNioChannel.java:124)
		at org.apache.tomcat.util.net.SecureNioChannel.write(SecureNioChannel.java:861)
		at org.apache.tomcat.util.net.NioEndpoint$NioSocketWrapper$NioOperationState.run(NioEndpoint.java:1680)
		at org.apache.tomcat.util.net.SocketWrapperBase$OperationState.start(SocketWrapperBase.java:1070)
		at org.apache.tomcat.util.net.SocketWrapperBase.vectoredOperation(SocketWrapperBase.java:1489)
		at org.apache.tomcat.util.net.SocketWrapperBase.write(SocketWrapperBase.java:1415)
		at org.apache.tomcat.util.net.SocketWrapperBase.write(SocketWrapperBase.java:1386)
		at org.apache.tomcat.websocket.server.WsRemoteEndpointImplServer.doWrite(WsRemoteEndpointImplServer.java:93)
		at org.apache.tomcat.websocket.WsRemoteEndpointImplBase.writeMessagePart(WsRemoteEndpointImplBase.java:512)
		at org.apache.tomcat.websocket.WsRemoteEndpointImplBase.sendMessageBlock(WsRemoteEndpointImplBase.java:314)
		... 19 more
01-Dec-2022 21:23:42.116 SEVERE [https-openssl-nio-8443-exec-8] org.apache.tomcat.websocket.pojo.PojoEndpointBase.onError No error handling configured for [com.team4.engieephone.Server] and the following error occurred
	java.io.IOException: java.io.IOException: Nawiązane połączenie zostało przerwane przez oprogramowanie zainstalowane w komputerze-hoście
		at org.apache.tomcat.websocket.WsRemoteEndpointImplBase.sendMessageBlock(WsRemoteEndpointImplBase.java:327)
		at org.apache.tomcat.websocket.WsRemoteEndpointImplBase.sendMessageBlock(WsRemoteEndpointImplBase.java:262)
		at org.apache.tomcat.websocket.WsSession.sendCloseMessage(WsSession.java:824)
		at org.apache.tomcat.websocket.WsSession.onClose(WsSession.java:747)
		at org.apache.tomcat.websocket.WsFrameBase.processDataControl(WsFrameBase.java:367)
		at org.apache.tomcat.websocket.WsFrameBase.processData(WsFrameBase.java:296)
		at org.apache.tomcat.websocket.WsFrameBase.processInputBuffer(WsFrameBase.java:133)
		at org.apache.tomcat.websocket.server.WsFrameServer.onDataAvailable(WsFrameServer.java:85)
		at org.apache.tomcat.websocket.server.WsFrameServer.doOnDataAvailable(WsFrameServer.java:183)
		at org.apache.tomcat.websocket.server.WsFrameServer.notifyDataAvailable(WsFrameServer.java:162)
		at org.apache.tomcat.websocket.server.WsHttpUpgradeHandler.upgradeDispatch(WsHttpUpgradeHandler.java:157)
		at org.apache.coyote.http11.upgrade.UpgradeProcessorInternal.dispatch(UpgradeProcessorInternal.java:60)
		at org.apache.coyote.AbstractProcessorLight.process(AbstractProcessorLight.java:59)
		at org.apache.coyote.AbstractProtocol$ConnectionHandler.process(AbstractProtocol.java:893)
		at org.apache.tomcat.util.net.NioEndpoint$SocketProcessor.doRun(NioEndpoint.java:1789)
		at org.apache.tomcat.util.net.SocketProcessorBase.run(SocketProcessorBase.java:49)
		at org.apache.tomcat.util.threads.ThreadPoolExecutor.runWorker(ThreadPoolExecutor.java:1191)
		at org.apache.tomcat.util.threads.ThreadPoolExecutor$Worker.run(ThreadPoolExecutor.java:659)
		at org.apache.tomcat.util.threads.TaskThread$WrappingRunnable.run(TaskThread.java:61)
		at java.base/java.lang.Thread.run(Thread.java:833)
	Caused by: java.io.IOException: Nawiązane połączenie zostało przerwane przez oprogramowanie zainstalowane w komputerze-hoście
		at java.base/sun.nio.ch.SocketDispatcher.write0(Native Method)
		at java.base/sun.nio.ch.SocketDispatcher.write(SocketDispatcher.java:54)
		at java.base/sun.nio.ch.IOUtil.writeFromNativeBuffer(IOUtil.java:132)
		at java.base/sun.nio.ch.IOUtil.write(IOUtil.java:97)
		at java.base/sun.nio.ch.IOUtil.write(IOUtil.java:53)
		at java.base/sun.nio.ch.SocketChannelImpl.write(SocketChannelImpl.java:532)
		at org.apache.tomcat.util.net.SecureNioChannel.flush(SecureNioChannel.java:124)
		at org.apache.tomcat.util.net.SecureNioChannel.write(SecureNioChannel.java:861)
		at org.apache.tomcat.util.net.NioEndpoint$NioSocketWrapper$NioOperationState.run(NioEndpoint.java:1680)
		at org.apache.tomcat.util.net.SocketWrapperBase$OperationState.start(SocketWrapperBase.java:1070)
		at org.apache.tomcat.util.net.SocketWrapperBase.vectoredOperation(SocketWrapperBase.java:1489)
		at org.apache.tomcat.util.net.SocketWrapperBase.write(SocketWrapperBase.java:1415)
		at org.apache.tomcat.util.net.SocketWrapperBase.write(SocketWrapperBase.java:1386)
		at org.apache.tomcat.websocket.server.WsRemoteEndpointImplServer.doWrite(WsRemoteEndpointImplServer.java:93)
		at org.apache.tomcat.websocket.WsRemoteEndpointImplBase.writeMessagePart(WsRemoteEndpointImplBase.java:512)
		at org.apache.tomcat.websocket.WsRemoteEndpointImplBase.sendMessageBlock(WsRemoteEndpointImplBase.java:314)
		... 19 more
01-Dec-2022 21:24:21.437 SEVERE [https-openssl-nio-8443-exec-5] org.apache.tomcat.websocket.pojo.PojoEndpointBase.onError No error handling configured for [com.team4.engieecamera.Server] and the following error occurred
	java.io.IOException: java.io.IOException: Nawiązane połączenie zostało przerwane przez oprogramowanie zainstalowane w komputerze-hoście
		at org.apache.tomcat.websocket.WsRemoteEndpointImplBase.sendMessageBlock(WsRemoteEndpointImplBase.java:327)
		at org.apache.tomcat.websocket.WsRemoteEndpointImplBase.sendMessageBlock(WsRemoteEndpointImplBase.java:262)
		at org.apache.tomcat.websocket.WsSession.sendCloseMessage(WsSession.java:824)
		at org.apache.tomcat.websocket.WsSession.onClose(WsSession.java:747)
		at org.apache.tomcat.websocket.WsFrameBase.processDataControl(WsFrameBase.java:367)
		at org.apache.tomcat.websocket.WsFrameBase.processData(WsFrameBase.java:296)
		at org.apache.tomcat.websocket.WsFrameBase.processInputBuffer(WsFrameBase.java:133)
		at org.apache.tomcat.websocket.server.WsFrameServer.onDataAvailable(WsFrameServer.java:85)
		at org.apache.tomcat.websocket.server.WsFrameServer.doOnDataAvailable(WsFrameServer.java:183)
		at org.apache.tomcat.websocket.server.WsFrameServer.notifyDataAvailable(WsFrameServer.java:162)
		at org.apache.tomcat.websocket.server.WsHttpUpgradeHandler.upgradeDispatch(WsHttpUpgradeHandler.java:157)
		at org.apache.coyote.http11.upgrade.UpgradeProcessorInternal.dispatch(UpgradeProcessorInternal.java:60)
		at org.apache.coyote.AbstractProcessorLight.process(AbstractProcessorLight.java:59)
		at org.apache.coyote.AbstractProtocol$ConnectionHandler.process(AbstractProtocol.java:893)
		at org.apache.tomcat.util.net.NioEndpoint$SocketProcessor.doRun(NioEndpoint.java:1789)
		at org.apache.tomcat.util.net.SocketProcessorBase.run(SocketProcessorBase.java:49)
		at org.apache.tomcat.util.threads.ThreadPoolExecutor.runWorker(ThreadPoolExecutor.java:1191)
		at org.apache.tomcat.util.threads.ThreadPoolExecutor$Worker.run(ThreadPoolExecutor.java:659)
		at org.apache.tomcat.util.threads.TaskThread$WrappingRunnable.run(TaskThread.java:61)
		at java.base/java.lang.Thread.run(Thread.java:833)
	Caused by: java.io.IOException: Nawiązane połączenie zostało przerwane przez oprogramowanie zainstalowane w komputerze-hoście
		at java.base/sun.nio.ch.SocketDispatcher.write0(Native Method)
		at java.base/sun.nio.ch.SocketDispatcher.write(SocketDispatcher.java:54)
		at java.base/sun.nio.ch.IOUtil.writeFromNativeBuffer(IOUtil.java:132)
		at java.base/sun.nio.ch.IOUtil.write(IOUtil.java:97)
		at java.base/sun.nio.ch.IOUtil.write(IOUtil.java:53)
		at java.base/sun.nio.ch.SocketChannelImpl.write(SocketChannelImpl.java:532)
		at org.apache.tomcat.util.net.SecureNioChannel.flush(SecureNioChannel.java:124)
		at org.apache.tomcat.util.net.SecureNioChannel.write(SecureNioChannel.java:861)
		at org.apache.tomcat.util.net.NioEndpoint$NioSocketWrapper$NioOperationState.run(NioEndpoint.java:1680)
		at org.apache.tomcat.util.net.SocketWrapperBase$OperationState.start(SocketWrapperBase.java:1070)
		at org.apache.tomcat.util.net.SocketWrapperBase.vectoredOperation(SocketWrapperBase.java:1489)
		at org.apache.tomcat.util.net.SocketWrapperBase.write(SocketWrapperBase.java:1415)
		at org.apache.tomcat.util.net.SocketWrapperBase.write(SocketWrapperBase.java:1386)
		at org.apache.tomcat.websocket.server.WsRemoteEndpointImplServer.doWrite(WsRemoteEndpointImplServer.java:93)
		at org.apache.tomcat.websocket.WsRemoteEndpointImplBase.writeMessagePart(WsRemoteEndpointImplBase.java:512)
		at org.apache.tomcat.websocket.WsRemoteEndpointImplBase.sendMessageBlock(WsRemoteEndpointImplBase.java:314)
		... 19 more
01-Dec-2022 21:24:48.347 SEVERE [https-openssl-nio-8443-exec-9] org.apache.tomcat.websocket.pojo.PojoEndpointBase.onError No error handling configured for [com.team4.engieescreen.Server] and the following error occurred
	java.io.IOException: java.io.IOException: Nawiązane połączenie zostało przerwane przez oprogramowanie zainstalowane w komputerze-hoście
		at org.apache.tomcat.websocket.WsRemoteEndpointImplBase.sendMessageBlock(WsRemoteEndpointImplBase.java:327)
		at org.apache.tomcat.websocket.WsRemoteEndpointImplBase.sendMessageBlock(WsRemoteEndpointImplBase.java:262)
		at org.apache.tomcat.websocket.WsSession.sendCloseMessage(WsSession.java:824)
		at org.apache.tomcat.websocket.WsSession.onClose(WsSession.java:747)
		at org.apache.tomcat.websocket.WsFrameBase.processDataControl(WsFrameBase.java:367)
		at org.apache.tomcat.websocket.WsFrameBase.processData(WsFrameBase.java:296)
		at org.apache.tomcat.websocket.WsFrameBase.processInputBuffer(WsFrameBase.java:133)
		at org.apache.tomcat.websocket.server.WsFrameServer.onDataAvailable(WsFrameServer.java:85)
		at org.apache.tomcat.websocket.server.WsFrameServer.doOnDataAvailable(WsFrameServer.java:183)
		at org.apache.tomcat.websocket.server.WsFrameServer.notifyDataAvailable(WsFrameServer.java:162)
		at org.apache.tomcat.websocket.server.WsHttpUpgradeHandler.upgradeDispatch(WsHttpUpgradeHandler.java:157)
		at org.apache.coyote.http11.upgrade.UpgradeProcessorInternal.dispatch(UpgradeProcessorInternal.java:60)
		at org.apache.coyote.AbstractProcessorLight.process(AbstractProcessorLight.java:59)
		at org.apache.coyote.AbstractProtocol$ConnectionHandler.process(AbstractProtocol.java:893)
		at org.apache.tomcat.util.net.NioEndpoint$SocketProcessor.doRun(NioEndpoint.java:1789)
		at org.apache.tomcat.util.net.SocketProcessorBase.run(SocketProcessorBase.java:49)
		at org.apache.tomcat.util.threads.ThreadPoolExecutor.runWorker(ThreadPoolExecutor.java:1191)
		at org.apache.tomcat.util.threads.ThreadPoolExecutor$Worker.run(ThreadPoolExecutor.java:659)
		at org.apache.tomcat.util.threads.TaskThread$WrappingRunnable.run(TaskThread.java:61)
		at java.base/java.lang.Thread.run(Thread.java:833)
	Caused by: java.io.IOException: Nawiązane połączenie zostało przerwane przez oprogramowanie zainstalowane w komputerze-hoście
		at java.base/sun.nio.ch.SocketDispatcher.write0(Native Method)
		at java.base/sun.nio.ch.SocketDispatcher.write(SocketDispatcher.java:54)
		at java.base/sun.nio.ch.IOUtil.writeFromNativeBuffer(IOUtil.java:132)
		at java.base/sun.nio.ch.IOUtil.write(IOUtil.java:97)
		at java.base/sun.nio.ch.IOUtil.write(IOUtil.java:53)
		at java.base/sun.nio.ch.SocketChannelImpl.write(SocketChannelImpl.java:532)
		at org.apache.tomcat.util.net.SecureNioChannel.flush(SecureNioChannel.java:124)
		at org.apache.tomcat.util.net.SecureNioChannel.write(SecureNioChannel.java:861)
		at org.apache.tomcat.util.net.NioEndpoint$NioSocketWrapper$NioOperationState.run(NioEndpoint.java:1680)
		at org.apache.tomcat.util.net.SocketWrapperBase$OperationState.start(SocketWrapperBase.java:1070)
		at org.apache.tomcat.util.net.SocketWrapperBase.vectoredOperation(SocketWrapperBase.java:1489)
		at org.apache.tomcat.util.net.SocketWrapperBase.write(SocketWrapperBase.java:1415)
		at org.apache.tomcat.util.net.SocketWrapperBase.write(SocketWrapperBase.java:1386)
		at org.apache.tomcat.websocket.server.WsRemoteEndpointImplServer.doWrite(WsRemoteEndpointImplServer.java:93)
		at org.apache.tomcat.websocket.WsRemoteEndpointImplBase.writeMessagePart(WsRemoteEndpointImplBase.java:512)
		at org.apache.tomcat.websocket.WsRemoteEndpointImplBase.sendMessageBlock(WsRemoteEndpointImplBase.java:314)
		... 19 more
01-Dec-2022 21:27:07.857 SEVERE [https-openssl-nio-8443-exec-1] org.apache.tomcat.websocket.pojo.PojoEndpointBase.onError No error handling configured for [com.team4.engieescreen.Server] and the following error occurred
	java.io.IOException: java.io.IOException: Nawiązane połączenie zostało przerwane przez oprogramowanie zainstalowane w komputerze-hoście
		at org.apache.tomcat.websocket.WsRemoteEndpointImplBase.sendMessageBlock(WsRemoteEndpointImplBase.java:327)
		at org.apache.tomcat.websocket.WsRemoteEndpointImplBase.sendMessageBlock(WsRemoteEndpointImplBase.java:262)
		at org.apache.tomcat.websocket.WsSession.sendCloseMessage(WsSession.java:824)
		at org.apache.tomcat.websocket.WsSession.onClose(WsSession.java:747)
		at org.apache.tomcat.websocket.WsFrameBase.processDataControl(WsFrameBase.java:367)
		at org.apache.tomcat.websocket.WsFrameBase.processData(WsFrameBase.java:296)
		at org.apache.tomcat.websocket.WsFrameBase.processInputBuffer(WsFrameBase.java:133)
		at org.apache.tomcat.websocket.server.WsFrameServer.onDataAvailable(WsFrameServer.java:85)
		at org.apache.tomcat.websocket.server.WsFrameServer.doOnDataAvailable(WsFrameServer.java:183)
		at org.apache.tomcat.websocket.server.WsFrameServer.notifyDataAvailable(WsFrameServer.java:162)
		at org.apache.tomcat.websocket.server.WsHttpUpgradeHandler.upgradeDispatch(WsHttpUpgradeHandler.java:157)
		at org.apache.coyote.http11.upgrade.UpgradeProcessorInternal.dispatch(UpgradeProcessorInternal.java:60)
		at org.apache.coyote.AbstractProcessorLight.process(AbstractProcessorLight.java:59)
		at org.apache.coyote.AbstractProtocol$ConnectionHandler.process(AbstractProtocol.java:893)
		at org.apache.tomcat.util.net.NioEndpoint$SocketProcessor.doRun(NioEndpoint.java:1789)
		at org.apache.tomcat.util.net.SocketProcessorBase.run(SocketProcessorBase.java:49)
		at org.apache.tomcat.util.threads.ThreadPoolExecutor.runWorker(ThreadPoolExecutor.java:1191)
		at org.apache.tomcat.util.threads.ThreadPoolExecutor$Worker.run(ThreadPoolExecutor.java:659)
		at org.apache.tomcat.util.threads.TaskThread$WrappingRunnable.run(TaskThread.java:61)
		at java.base/java.lang.Thread.run(Thread.java:833)
	Caused by: java.io.IOException: Nawiązane połączenie zostało przerwane przez oprogramowanie zainstalowane w komputerze-hoście
		at java.base/sun.nio.ch.SocketDispatcher.write0(Native Method)
		at java.base/sun.nio.ch.SocketDispatcher.write(SocketDispatcher.java:54)
		at java.base/sun.nio.ch.IOUtil.writeFromNativeBuffer(IOUtil.java:132)
		at java.base/sun.nio.ch.IOUtil.write(IOUtil.java:97)
		at java.base/sun.nio.ch.IOUtil.write(IOUtil.java:53)
		at java.base/sun.nio.ch.SocketChannelImpl.write(SocketChannelImpl.java:532)
		at org.apache.tomcat.util.net.SecureNioChannel.flush(SecureNioChannel.java:124)
		at org.apache.tomcat.util.net.SecureNioChannel.write(SecureNioChannel.java:861)
		at org.apache.tomcat.util.net.NioEndpoint$NioSocketWrapper$NioOperationState.run(NioEndpoint.java:1680)
		at org.apache.tomcat.util.net.SocketWrapperBase$OperationState.start(SocketWrapperBase.java:1070)
		at org.apache.tomcat.util.net.SocketWrapperBase.vectoredOperation(SocketWrapperBase.java:1489)
		at org.apache.tomcat.util.net.SocketWrapperBase.write(SocketWrapperBase.java:1415)
		at org.apache.tomcat.util.net.SocketWrapperBase.write(SocketWrapperBase.java:1386)
		at org.apache.tomcat.websocket.server.WsRemoteEndpointImplServer.doWrite(WsRemoteEndpointImplServer.java:93)
		at org.apache.tomcat.websocket.WsRemoteEndpointImplBase.writeMessagePart(WsRemoteEndpointImplBase.java:512)
		at org.apache.tomcat.websocket.WsRemoteEndpointImplBase.sendMessageBlock(WsRemoteEndpointImplBase.java:314)
		... 19 more
01-Dec-2022 21:27:22.807 SEVERE [https-openssl-nio-8443-exec-10] org.apache.tomcat.websocket.pojo.PojoEndpointBase.onError No error handling configured for [com.team4.engieecamera.Server] and the following error occurred
	java.io.IOException: java.io.IOException: Nawiązane połączenie zostało przerwane przez oprogramowanie zainstalowane w komputerze-hoście
		at org.apache.tomcat.websocket.WsRemoteEndpointImplBase.sendMessageBlock(WsRemoteEndpointImplBase.java:327)
		at org.apache.tomcat.websocket.WsRemoteEndpointImplBase.sendMessageBlock(WsRemoteEndpointImplBase.java:262)
		at org.apache.tomcat.websocket.WsSession.sendCloseMessage(WsSession.java:824)
		at org.apache.tomcat.websocket.WsSession.onClose(WsSession.java:747)
		at org.apache.tomcat.websocket.WsFrameBase.processDataControl(WsFrameBase.java:367)
		at org.apache.tomcat.websocket.WsFrameBase.processData(WsFrameBase.java:296)
		at org.apache.tomcat.websocket.WsFrameBase.processInputBuffer(WsFrameBase.java:133)
		at org.apache.tomcat.websocket.server.WsFrameServer.onDataAvailable(WsFrameServer.java:85)
		at org.apache.tomcat.websocket.server.WsFrameServer.doOnDataAvailable(WsFrameServer.java:183)
		at org.apache.tomcat.websocket.server.WsFrameServer.notifyDataAvailable(WsFrameServer.java:162)
		at org.apache.tomcat.websocket.server.WsHttpUpgradeHandler.upgradeDispatch(WsHttpUpgradeHandler.java:157)
		at org.apache.coyote.http11.upgrade.UpgradeProcessorInternal.dispatch(UpgradeProcessorInternal.java:60)
		at org.apache.coyote.AbstractProcessorLight.process(AbstractProcessorLight.java:59)
		at org.apache.coyote.AbstractProtocol$ConnectionHandler.process(AbstractProtocol.java:893)
		at org.apache.tomcat.util.net.NioEndpoint$SocketProcessor.doRun(NioEndpoint.java:1789)
		at org.apache.tomcat.util.net.SocketProcessorBase.run(SocketProcessorBase.java:49)
		at org.apache.tomcat.util.threads.ThreadPoolExecutor.runWorker(ThreadPoolExecutor.java:1191)
		at org.apache.tomcat.util.threads.ThreadPoolExecutor$Worker.run(ThreadPoolExecutor.java:659)
		at org.apache.tomcat.util.threads.TaskThread$WrappingRunnable.run(TaskThread.java:61)
		at java.base/java.lang.Thread.run(Thread.java:833)
	Caused by: java.io.IOException: Nawiązane połączenie zostało przerwane przez oprogramowanie zainstalowane w komputerze-hoście
		at java.base/sun.nio.ch.SocketDispatcher.write0(Native Method)
		at java.base/sun.nio.ch.SocketDispatcher.write(SocketDispatcher.java:54)
		at java.base/sun.nio.ch.IOUtil.writeFromNativeBuffer(IOUtil.java:132)
		at java.base/sun.nio.ch.IOUtil.write(IOUtil.java:97)
		at java.base/sun.nio.ch.IOUtil.write(IOUtil.java:53)
		at java.base/sun.nio.ch.SocketChannelImpl.write(SocketChannelImpl.java:532)
		at org.apache.tomcat.util.net.SecureNioChannel.flush(SecureNioChannel.java:124)
		at org.apache.tomcat.util.net.SecureNioChannel.write(SecureNioChannel.java:861)
		at org.apache.tomcat.util.net.NioEndpoint$NioSocketWrapper$NioOperationState.run(NioEndpoint.java:1680)
		at org.apache.tomcat.util.net.SocketWrapperBase$OperationState.start(SocketWrapperBase.java:1070)
		at org.apache.tomcat.util.net.SocketWrapperBase.vectoredOperation(SocketWrapperBase.java:1489)
		at org.apache.tomcat.util.net.SocketWrapperBase.write(SocketWrapperBase.java:1415)
		at org.apache.tomcat.util.net.SocketWrapperBase.write(SocketWrapperBase.java:1386)
		at org.apache.tomcat.websocket.server.WsRemoteEndpointImplServer.doWrite(WsRemoteEndpointImplServer.java:93)
		at org.apache.tomcat.websocket.WsRemoteEndpointImplBase.writeMessagePart(WsRemoteEndpointImplBase.java:512)
		at org.apache.tomcat.websocket.WsRemoteEndpointImplBase.sendMessageBlock(WsRemoteEndpointImplBase.java:314)
		... 19 more
