13-Dec-2022 00:06:17.860 INFO [main] org.apache.catalina.startup.VersionLoggerListener.log Server version name:   Apache Tomcat/9.0.68
13-Dec-2022 00:06:17.865 INFO [main] org.apache.catalina.startup.VersionLoggerListener.log Server built:          Oct 3 2022 19:06:10 UTC
13-Dec-2022 00:06:17.865 INFO [main] org.apache.catalina.startup.VersionLoggerListener.log Server version number: 9.0.68.0
13-Dec-2022 00:06:17.865 INFO [main] org.apache.catalina.startup.VersionLoggerListener.log OS Name:               Windows 11
13-Dec-2022 00:06:17.865 INFO [main] org.apache.catalina.startup.VersionLoggerListener.log OS Version:            10.0
13-Dec-2022 00:06:17.865 INFO [main] org.apache.catalina.startup.VersionLoggerListener.log Architecture:          amd64
13-Dec-2022 00:06:17.865 INFO [main] org.apache.catalina.startup.VersionLoggerListener.log Java Home:             C:\Program Files\Java\jdk-19
13-Dec-2022 00:06:17.865 INFO [main] org.apache.catalina.startup.VersionLoggerListener.log JVM Version:           19.0.1+10-21
13-Dec-2022 00:06:17.865 INFO [main] org.apache.catalina.startup.VersionLoggerListener.log JVM Vendor:            Oracle Corporation
13-Dec-2022 00:06:17.865 INFO [main] org.apache.catalina.startup.VersionLoggerListener.log CATALINA_BASE:         C:\Users\Mateusz\Documents\Computer Science (2022 - 2023)\Professional Design Project\pdp-augmented-reality\Desktop Application\apache-tomcat-9.0.68
13-Dec-2022 00:06:17.865 INFO [main] org.apache.catalina.startup.VersionLoggerListener.log CATALINA_HOME:         C:\Users\Mateusz\Documents\Computer Science (2022 - 2023)\Professional Design Project\pdp-augmented-reality\Desktop Application\apache-tomcat-9.0.68
13-Dec-2022 00:06:17.876 INFO [main] org.apache.catalina.startup.VersionLoggerListener.log Command line argument: --add-opens=java.base/java.lang=ALL-UNNAMED
13-Dec-2022 00:06:17.876 INFO [main] org.apache.catalina.startup.VersionLoggerListener.log Command line argument: --add-opens=java.base/java.io=ALL-UNNAMED
13-Dec-2022 00:06:17.876 INFO [main] org.apache.catalina.startup.VersionLoggerListener.log Command line argument: --add-opens=java.base/java.util=ALL-UNNAMED
13-Dec-2022 00:06:17.876 INFO [main] org.apache.catalina.startup.VersionLoggerListener.log Command line argument: --add-opens=java.base/java.util.concurrent=ALL-UNNAMED
13-Dec-2022 00:06:17.876 INFO [main] org.apache.catalina.startup.VersionLoggerListener.log Command line argument: --add-opens=java.rmi/sun.rmi.transport=ALL-UNNAMED
13-Dec-2022 00:06:17.876 INFO [main] org.apache.catalina.startup.VersionLoggerListener.log Command line argument: -Djava.util.logging.config.file=C:\Users\Mateusz\Documents\Computer Science (2022 - 2023)\Professional Design Project\pdp-augmented-reality\Desktop Application\apache-tomcat-9.0.68\conf\logging.properties
13-Dec-2022 00:06:17.876 INFO [main] org.apache.catalina.startup.VersionLoggerListener.log Command line argument: -Djava.util.logging.manager=org.apache.juli.ClassLoaderLogManager
13-Dec-2022 00:06:17.876 INFO [main] org.apache.catalina.startup.VersionLoggerListener.log Command line argument: -Djdk.tls.ephemeralDHKeySize=2048
13-Dec-2022 00:06:17.876 INFO [main] org.apache.catalina.startup.VersionLoggerListener.log Command line argument: -Djava.protocol.handler.pkgs=org.apache.catalina.webresources
13-Dec-2022 00:06:17.876 INFO [main] org.apache.catalina.startup.VersionLoggerListener.log Command line argument: -Dignore.endorsed.dirs=
13-Dec-2022 00:06:17.876 INFO [main] org.apache.catalina.startup.VersionLoggerListener.log Command line argument: -Dcatalina.base=C:\Users\Mateusz\Documents\Computer Science (2022 - 2023)\Professional Design Project\pdp-augmented-reality\Desktop Application\apache-tomcat-9.0.68
13-Dec-2022 00:06:17.876 INFO [main] org.apache.catalina.startup.VersionLoggerListener.log Command line argument: -Dcatalina.home=C:\Users\Mateusz\Documents\Computer Science (2022 - 2023)\Professional Design Project\pdp-augmented-reality\Desktop Application\apache-tomcat-9.0.68
13-Dec-2022 00:06:17.876 INFO [main] org.apache.catalina.startup.VersionLoggerListener.log Command line argument: -Djava.io.tmpdir=C:\Users\Mateusz\Documents\Computer Science (2022 - 2023)\Professional Design Project\pdp-augmented-reality\Desktop Application\apache-tomcat-9.0.68\temp
13-Dec-2022 00:06:17.887 INFO [main] org.apache.catalina.core.AprLifecycleListener.lifecycleEvent Loaded Apache Tomcat Native library [1.2.35] using APR version [1.7.0].
13-Dec-2022 00:06:17.887 INFO [main] org.apache.catalina.core.AprLifecycleListener.lifecycleEvent APR capabilities: IPv6 [true], sendfile [true], accept filters [false], random [true], UDS [true].
13-Dec-2022 00:06:17.887 INFO [main] org.apache.catalina.core.AprLifecycleListener.lifecycleEvent APR/OpenSSL configuration: useAprConnector [false], useOpenSSL [true]
13-Dec-2022 00:06:17.903 INFO [main] org.apache.catalina.core.AprLifecycleListener.initializeSSL OpenSSL successfully initialized [OpenSSL 1.1.1q  5 Jul 2022]
13-Dec-2022 00:06:18.261 INFO [main] org.apache.coyote.AbstractProtocol.init Initializing ProtocolHandler ["http-nio-8080"]
13-Dec-2022 00:06:18.277 INFO [main] org.apache.coyote.AbstractProtocol.init Initializing ProtocolHandler ["https-openssl-nio-8443"]
13-Dec-2022 00:06:18.488 INFO [main] org.apache.catalina.startup.Catalina.load Server initialization in [858] milliseconds
13-Dec-2022 00:06:18.525 INFO [main] org.apache.catalina.core.StandardService.startInternal Starting service [Catalina]
13-Dec-2022 00:06:18.525 INFO [main] org.apache.catalina.core.StandardEngine.startInternal Starting Servlet engine: [Apache Tomcat/9.0.68]
13-Dec-2022 00:06:18.546 INFO [main] org.apache.catalina.startup.HostConfig.deployWAR Deploying web application archive [C:\Users\Mateusz\Documents\Computer Science (2022 - 2023)\Professional Design Project\pdp-augmented-reality\Desktop Application\apache-tomcat-9.0.68\webapps\engiee#camera.war]
13-Dec-2022 00:06:18.681 WARNING [main] org.apache.tomcat.util.descriptor.web.WebXml.setVersion Unknown version string [5.0]. Default version will be used.
13-Dec-2022 00:06:18.860 INFO [main] org.apache.catalina.startup.HostConfig.deployWAR Deployment of web application archive [C:\Users\Mateusz\Documents\Computer Science (2022 - 2023)\Professional Design Project\pdp-augmented-reality\Desktop Application\apache-tomcat-9.0.68\webapps\engiee#camera.war] has finished in [313] ms
13-Dec-2022 00:06:18.860 INFO [main] org.apache.catalina.startup.HostConfig.deployWAR Deploying web application archive [C:\Users\Mateusz\Documents\Computer Science (2022 - 2023)\Professional Design Project\pdp-augmented-reality\Desktop Application\apache-tomcat-9.0.68\webapps\engiee#phone.war]
13-Dec-2022 00:06:18.876 WARNING [main] org.apache.tomcat.util.descriptor.web.WebXml.setVersion Unknown version string [5.0]. Default version will be used.
13-Dec-2022 00:06:18.907 INFO [main] org.apache.catalina.startup.HostConfig.deployWAR Deployment of web application archive [C:\Users\Mateusz\Documents\Computer Science (2022 - 2023)\Professional Design Project\pdp-augmented-reality\Desktop Application\apache-tomcat-9.0.68\webapps\engiee#phone.war] has finished in [47] ms
13-Dec-2022 00:06:18.907 INFO [main] org.apache.catalina.startup.HostConfig.deployWAR Deploying web application archive [C:\Users\Mateusz\Documents\Computer Science (2022 - 2023)\Professional Design Project\pdp-augmented-reality\Desktop Application\apache-tomcat-9.0.68\webapps\engiee#screen.war]
13-Dec-2022 00:06:18.923 WARNING [main] org.apache.tomcat.util.descriptor.web.WebXml.setVersion Unknown version string [5.0]. Default version will be used.
13-Dec-2022 00:06:18.955 INFO [main] org.apache.catalina.startup.HostConfig.deployWAR Deployment of web application archive [C:\Users\Mateusz\Documents\Computer Science (2022 - 2023)\Professional Design Project\pdp-augmented-reality\Desktop Application\apache-tomcat-9.0.68\webapps\engiee#screen.war] has finished in [48] ms
13-Dec-2022 00:06:18.955 INFO [main] org.apache.catalina.startup.HostConfig.deployWAR Deploying web application archive [C:\Users\Mateusz\Documents\Computer Science (2022 - 2023)\Professional Design Project\pdp-augmented-reality\Desktop Application\apache-tomcat-9.0.68\webapps\engiee.war]
13-Dec-2022 00:06:18.960 INFO [main] org.apache.catalina.startup.ExpandWar.expand An expanded directory [C:\Users\Mateusz\Documents\Computer Science (2022 - 2023)\Professional Design Project\pdp-augmented-reality\Desktop Application\apache-tomcat-9.0.68\webapps\engiee] was found with a last modified time that did not match the associated WAR. It will be deleted.
13-Dec-2022 00:06:19.007 WARNING [main] org.apache.tomcat.util.descriptor.web.WebXml.setVersion Unknown version string [5.0]. Default version will be used.
13-Dec-2022 00:06:19.023 INFO [main] org.apache.catalina.startup.HostConfig.deployWAR Deployment of web application archive [C:\Users\Mateusz\Documents\Computer Science (2022 - 2023)\Professional Design Project\pdp-augmented-reality\Desktop Application\apache-tomcat-9.0.68\webapps\engiee.war] has finished in [68] ms
13-Dec-2022 00:06:19.023 INFO [main] org.apache.catalina.startup.HostConfig.deployDirectory Deploying web application directory [C:\Users\Mateusz\Documents\Computer Science (2022 - 2023)\Professional Design Project\pdp-augmented-reality\Desktop Application\apache-tomcat-9.0.68\webapps\docs]
13-Dec-2022 00:06:19.055 INFO [main] org.apache.catalina.startup.HostConfig.deployDirectory Deployment of web application directory [C:\Users\Mateusz\Documents\Computer Science (2022 - 2023)\Professional Design Project\pdp-augmented-reality\Desktop Application\apache-tomcat-9.0.68\webapps\docs] has finished in [32] ms
13-Dec-2022 00:06:19.055 INFO [main] org.apache.catalina.startup.HostConfig.deployDirectory Deploying web application directory [C:\Users\Mateusz\Documents\Computer Science (2022 - 2023)\Professional Design Project\pdp-augmented-reality\Desktop Application\apache-tomcat-9.0.68\webapps\examples]
13-Dec-2022 00:06:19.507 INFO [main] org.apache.catalina.startup.HostConfig.deployDirectory Deployment of web application directory [C:\Users\Mateusz\Documents\Computer Science (2022 - 2023)\Professional Design Project\pdp-augmented-reality\Desktop Application\apache-tomcat-9.0.68\webapps\examples] has finished in [452] ms
13-Dec-2022 00:06:19.507 INFO [main] org.apache.catalina.startup.HostConfig.deployDirectory Deploying web application directory [C:\Users\Mateusz\Documents\Computer Science (2022 - 2023)\Professional Design Project\pdp-augmented-reality\Desktop Application\apache-tomcat-9.0.68\webapps\host-manager]
13-Dec-2022 00:06:19.555 INFO [main] org.apache.catalina.startup.HostConfig.deployDirectory Deployment of web application directory [C:\Users\Mateusz\Documents\Computer Science (2022 - 2023)\Professional Design Project\pdp-augmented-reality\Desktop Application\apache-tomcat-9.0.68\webapps\host-manager] has finished in [48] ms
13-Dec-2022 00:06:19.555 INFO [main] org.apache.catalina.startup.HostConfig.deployDirectory Deploying web application directory [C:\Users\Mateusz\Documents\Computer Science (2022 - 2023)\Professional Design Project\pdp-augmented-reality\Desktop Application\apache-tomcat-9.0.68\webapps\manager]
13-Dec-2022 00:06:19.616 INFO [main] org.apache.catalina.startup.HostConfig.deployDirectory Deployment of web application directory [C:\Users\Mateusz\Documents\Computer Science (2022 - 2023)\Professional Design Project\pdp-augmented-reality\Desktop Application\apache-tomcat-9.0.68\webapps\manager] has finished in [61] ms
13-Dec-2022 00:06:19.616 INFO [main] org.apache.catalina.startup.HostConfig.deployDirectory Deploying web application directory [C:\Users\Mateusz\Documents\Computer Science (2022 - 2023)\Professional Design Project\pdp-augmented-reality\Desktop Application\apache-tomcat-9.0.68\webapps\ROOT]
13-Dec-2022 00:06:19.642 INFO [main] org.apache.catalina.startup.HostConfig.deployDirectory Deployment of web application directory [C:\Users\Mateusz\Documents\Computer Science (2022 - 2023)\Professional Design Project\pdp-augmented-reality\Desktop Application\apache-tomcat-9.0.68\webapps\ROOT] has finished in [26] ms
13-Dec-2022 00:06:19.648 INFO [main] org.apache.coyote.AbstractProtocol.start Starting ProtocolHandler ["http-nio-8080"]
13-Dec-2022 00:06:19.664 INFO [main] org.apache.coyote.AbstractProtocol.start Starting ProtocolHandler ["https-openssl-nio-8443"]
13-Dec-2022 00:06:19.664 INFO [main] org.apache.catalina.startup.Catalina.start Server startup in [1176] milliseconds
13-Dec-2022 00:07:07.353 SEVERE [https-openssl-nio-8443-exec-5] org.apache.tomcat.websocket.pojo.PojoEndpointBase.onError No error handling configured for [com.team4.engieescreen.Server] and the following error occurred
	java.io.IOException: java.io.IOException: Nawiązane połączenie zostało przerwane przez oprogramowanie zainstalowane w komputerze-hoście
		at org.apache.tomcat.websocket.WsRemoteEndpointImplBase.sendMessageBlock(WsRemoteEndpointImplBase.java:327)
		at org.apache.tomcat.websocket.WsRemoteEndpointImplBase.sendMessageBlock(WsRemoteEndpointImplBase.java:262)
		at org.apache.tomcat.websocket.WsSession.sendCloseMessage(WsSession.java:824)
		at org.apache.tomcat.websocket.WsSession.onClose(WsSession.java:747)
		at org.apache.tomcat.websocket.WsFrameBase.processDataControl(WsFrameBase.java:367)
		at org.apache.tomcat.websocket.WsFrameBase.processData(WsFrameBase.java:296)
		at org.apache.tomcat.websocket.WsFrameBase.processInputBuffer(WsFrameBase.java:133)
		at org.apache.tomcat.websocket.server.WsFrameServer.onDataAvailable(WsFrameServer.java:85)
		at org.apache.tomcat.websocket.server.WsFrameServer.doOnDataAvailable(WsFrameServer.java:183)
		at org.apache.tomcat.websocket.server.WsFrameServer.notifyDataAvailable(WsFrameServer.java:162)
		at org.apache.tomcat.websocket.server.WsHttpUpgradeHandler.upgradeDispatch(WsHttpUpgradeHandler.java:157)
		at org.apache.coyote.http11.upgrade.UpgradeProcessorInternal.dispatch(UpgradeProcessorInternal.java:60)
		at org.apache.coyote.AbstractProcessorLight.process(AbstractProcessorLight.java:59)
		at org.apache.coyote.AbstractProtocol$ConnectionHandler.process(AbstractProtocol.java:893)
		at org.apache.tomcat.util.net.NioEndpoint$SocketProcessor.doRun(NioEndpoint.java:1789)
		at org.apache.tomcat.util.net.SocketProcessorBase.run(SocketProcessorBase.java:49)
		at org.apache.tomcat.util.threads.ThreadPoolExecutor.runWorker(ThreadPoolExecutor.java:1191)
		at org.apache.tomcat.util.threads.ThreadPoolExecutor$Worker.run(ThreadPoolExecutor.java:659)
		at org.apache.tomcat.util.threads.TaskThread$WrappingRunnable.run(TaskThread.java:61)
		at java.base/java.lang.Thread.run(Thread.java:1589)
	Caused by: java.io.IOException: Nawiązane połączenie zostało przerwane przez oprogramowanie zainstalowane w komputerze-hoście
		at java.base/sun.nio.ch.SocketDispatcher.write0(Native Method)
		at java.base/sun.nio.ch.SocketDispatcher.write(SocketDispatcher.java:54)
		at java.base/sun.nio.ch.IOUtil.writeFromNativeBuffer(IOUtil.java:136)
		at java.base/sun.nio.ch.IOUtil.write(IOUtil.java:101)
		at java.base/sun.nio.ch.IOUtil.write(IOUtil.java:57)
		at java.base/sun.nio.ch.SocketChannelImpl.write(SocketChannelImpl.java:542)
		at org.apache.tomcat.util.net.SecureNioChannel.flush(SecureNioChannel.java:124)
		at org.apache.tomcat.util.net.SecureNioChannel.write(SecureNioChannel.java:861)
		at org.apache.tomcat.util.net.NioEndpoint$NioSocketWrapper$NioOperationState.run(NioEndpoint.java:1680)
		at org.apache.tomcat.util.net.SocketWrapperBase$OperationState.start(SocketWrapperBase.java:1070)
		at org.apache.tomcat.util.net.SocketWrapperBase.vectoredOperation(SocketWrapperBase.java:1489)
		at org.apache.tomcat.util.net.SocketWrapperBase.write(SocketWrapperBase.java:1415)
		at org.apache.tomcat.util.net.SocketWrapperBase.write(SocketWrapperBase.java:1386)
		at org.apache.tomcat.websocket.server.WsRemoteEndpointImplServer.doWrite(WsRemoteEndpointImplServer.java:93)
		at org.apache.tomcat.websocket.WsRemoteEndpointImplBase.writeMessagePart(WsRemoteEndpointImplBase.java:512)
		at org.apache.tomcat.websocket.WsRemoteEndpointImplBase.sendMessageBlock(WsRemoteEndpointImplBase.java:314)
		... 19 more
13-Dec-2022 00:07:26.811 SEVERE [https-openssl-nio-8443-exec-8] org.apache.tomcat.websocket.pojo.PojoEndpointBase.onError No error handling configured for [com.team4.engieecamera.Server] and the following error occurred
	java.io.IOException: java.io.IOException: Nawiązane połączenie zostało przerwane przez oprogramowanie zainstalowane w komputerze-hoście
		at org.apache.tomcat.websocket.WsRemoteEndpointImplBase.sendMessageBlock(WsRemoteEndpointImplBase.java:327)
		at org.apache.tomcat.websocket.WsRemoteEndpointImplBase.sendMessageBlock(WsRemoteEndpointImplBase.java:262)
		at org.apache.tomcat.websocket.WsSession.sendCloseMessage(WsSession.java:824)
		at org.apache.tomcat.websocket.WsSession.onClose(WsSession.java:747)
		at org.apache.tomcat.websocket.WsFrameBase.processDataControl(WsFrameBase.java:367)
		at org.apache.tomcat.websocket.WsFrameBase.processData(WsFrameBase.java:296)
		at org.apache.tomcat.websocket.WsFrameBase.processInputBuffer(WsFrameBase.java:133)
		at org.apache.tomcat.websocket.server.WsFrameServer.onDataAvailable(WsFrameServer.java:85)
		at org.apache.tomcat.websocket.server.WsFrameServer.doOnDataAvailable(WsFrameServer.java:183)
		at org.apache.tomcat.websocket.server.WsFrameServer.notifyDataAvailable(WsFrameServer.java:162)
		at org.apache.tomcat.websocket.server.WsHttpUpgradeHandler.upgradeDispatch(WsHttpUpgradeHandler.java:157)
		at org.apache.coyote.http11.upgrade.UpgradeProcessorInternal.dispatch(UpgradeProcessorInternal.java:60)
		at org.apache.coyote.AbstractProcessorLight.process(AbstractProcessorLight.java:59)
		at org.apache.coyote.AbstractProtocol$ConnectionHandler.process(AbstractProtocol.java:893)
		at org.apache.tomcat.util.net.NioEndpoint$SocketProcessor.doRun(NioEndpoint.java:1789)
		at org.apache.tomcat.util.net.SocketProcessorBase.run(SocketProcessorBase.java:49)
		at org.apache.tomcat.util.threads.ThreadPoolExecutor.runWorker(ThreadPoolExecutor.java:1191)
		at org.apache.tomcat.util.threads.ThreadPoolExecutor$Worker.run(ThreadPoolExecutor.java:659)
		at org.apache.tomcat.util.threads.TaskThread$WrappingRunnable.run(TaskThread.java:61)
		at java.base/java.lang.Thread.run(Thread.java:1589)
	Caused by: java.io.IOException: Nawiązane połączenie zostało przerwane przez oprogramowanie zainstalowane w komputerze-hoście
		at java.base/sun.nio.ch.SocketDispatcher.write0(Native Method)
		at java.base/sun.nio.ch.SocketDispatcher.write(SocketDispatcher.java:54)
		at java.base/sun.nio.ch.IOUtil.writeFromNativeBuffer(IOUtil.java:136)
		at java.base/sun.nio.ch.IOUtil.write(IOUtil.java:101)
		at java.base/sun.nio.ch.IOUtil.write(IOUtil.java:57)
		at java.base/sun.nio.ch.SocketChannelImpl.write(SocketChannelImpl.java:542)
		at org.apache.tomcat.util.net.SecureNioChannel.flush(SecureNioChannel.java:124)
		at org.apache.tomcat.util.net.SecureNioChannel.write(SecureNioChannel.java:861)
		at org.apache.tomcat.util.net.NioEndpoint$NioSocketWrapper$NioOperationState.run(NioEndpoint.java:1680)
		at org.apache.tomcat.util.net.SocketWrapperBase$OperationState.start(SocketWrapperBase.java:1070)
		at org.apache.tomcat.util.net.SocketWrapperBase.vectoredOperation(SocketWrapperBase.java:1489)
		at org.apache.tomcat.util.net.SocketWrapperBase.write(SocketWrapperBase.java:1415)
		at org.apache.tomcat.util.net.SocketWrapperBase.write(SocketWrapperBase.java:1386)
		at org.apache.tomcat.websocket.server.WsRemoteEndpointImplServer.doWrite(WsRemoteEndpointImplServer.java:93)
		at org.apache.tomcat.websocket.WsRemoteEndpointImplBase.writeMessagePart(WsRemoteEndpointImplBase.java:512)
		at org.apache.tomcat.websocket.WsRemoteEndpointImplBase.sendMessageBlock(WsRemoteEndpointImplBase.java:314)
		... 19 more
13-Dec-2022 00:07:26.811 SEVERE [https-openssl-nio-8443-exec-4] org.apache.tomcat.websocket.pojo.PojoEndpointBase.onError No error handling configured for [com.team4.engieecamera.Clicks] and the following error occurred
	java.io.IOException: java.io.IOException: Nawiązane połączenie zostało przerwane przez oprogramowanie zainstalowane w komputerze-hoście
		at org.apache.tomcat.websocket.WsRemoteEndpointImplBase.sendMessageBlock(WsRemoteEndpointImplBase.java:327)
		at org.apache.tomcat.websocket.WsRemoteEndpointImplBase.sendMessageBlock(WsRemoteEndpointImplBase.java:262)
		at org.apache.tomcat.websocket.WsSession.sendCloseMessage(WsSession.java:824)
		at org.apache.tomcat.websocket.WsSession.onClose(WsSession.java:747)
		at org.apache.tomcat.websocket.WsFrameBase.processDataControl(WsFrameBase.java:367)
		at org.apache.tomcat.websocket.WsFrameBase.processData(WsFrameBase.java:296)
		at org.apache.tomcat.websocket.WsFrameBase.processInputBuffer(WsFrameBase.java:133)
		at org.apache.tomcat.websocket.server.WsFrameServer.onDataAvailable(WsFrameServer.java:85)
		at org.apache.tomcat.websocket.server.WsFrameServer.doOnDataAvailable(WsFrameServer.java:183)
		at org.apache.tomcat.websocket.server.WsFrameServer.notifyDataAvailable(WsFrameServer.java:162)
		at org.apache.tomcat.websocket.server.WsHttpUpgradeHandler.upgradeDispatch(WsHttpUpgradeHandler.java:157)
		at org.apache.coyote.http11.upgrade.UpgradeProcessorInternal.dispatch(UpgradeProcessorInternal.java:60)
		at org.apache.coyote.AbstractProcessorLight.process(AbstractProcessorLight.java:59)
		at org.apache.coyote.AbstractProtocol$ConnectionHandler.process(AbstractProtocol.java:893)
		at org.apache.tomcat.util.net.NioEndpoint$SocketProcessor.doRun(NioEndpoint.java:1789)
		at org.apache.tomcat.util.net.SocketProcessorBase.run(SocketProcessorBase.java:49)
		at org.apache.tomcat.util.threads.ThreadPoolExecutor.runWorker(ThreadPoolExecutor.java:1191)
		at org.apache.tomcat.util.threads.ThreadPoolExecutor$Worker.run(ThreadPoolExecutor.java:659)
		at org.apache.tomcat.util.threads.TaskThread$WrappingRunnable.run(TaskThread.java:61)
		at java.base/java.lang.Thread.run(Thread.java:1589)
	Caused by: java.io.IOException: Nawiązane połączenie zostało przerwane przez oprogramowanie zainstalowane w komputerze-hoście
		at java.base/sun.nio.ch.SocketDispatcher.write0(Native Method)
		at java.base/sun.nio.ch.SocketDispatcher.write(SocketDispatcher.java:54)
		at java.base/sun.nio.ch.IOUtil.writeFromNativeBuffer(IOUtil.java:136)
		at java.base/sun.nio.ch.IOUtil.write(IOUtil.java:101)
		at java.base/sun.nio.ch.IOUtil.write(IOUtil.java:57)
		at java.base/sun.nio.ch.SocketChannelImpl.write(SocketChannelImpl.java:542)
		at org.apache.tomcat.util.net.SecureNioChannel.flush(SecureNioChannel.java:124)
		at org.apache.tomcat.util.net.SecureNioChannel.write(SecureNioChannel.java:861)
		at org.apache.tomcat.util.net.NioEndpoint$NioSocketWrapper$NioOperationState.run(NioEndpoint.java:1680)
		at org.apache.tomcat.util.net.SocketWrapperBase$OperationState.start(SocketWrapperBase.java:1070)
		at org.apache.tomcat.util.net.SocketWrapperBase.vectoredOperation(SocketWrapperBase.java:1489)
		at org.apache.tomcat.util.net.SocketWrapperBase.write(SocketWrapperBase.java:1415)
		at org.apache.tomcat.util.net.SocketWrapperBase.write(SocketWrapperBase.java:1386)
		at org.apache.tomcat.websocket.server.WsRemoteEndpointImplServer.doWrite(WsRemoteEndpointImplServer.java:93)
		at org.apache.tomcat.websocket.WsRemoteEndpointImplBase.writeMessagePart(WsRemoteEndpointImplBase.java:512)
		at org.apache.tomcat.websocket.WsRemoteEndpointImplBase.sendMessageBlock(WsRemoteEndpointImplBase.java:314)
		... 19 more
13-Dec-2022 00:07:31.084 SEVERE [https-openssl-nio-8443-exec-5] org.apache.tomcat.websocket.pojo.PojoEndpointBase.onError No error handling configured for [com.team4.engieephone.Server] and the following error occurred
	java.io.IOException: java.io.IOException: Nawiązane połączenie zostało przerwane przez oprogramowanie zainstalowane w komputerze-hoście
		at org.apache.tomcat.websocket.WsRemoteEndpointImplBase.sendMessageBlock(WsRemoteEndpointImplBase.java:327)
		at org.apache.tomcat.websocket.WsRemoteEndpointImplBase.sendMessageBlock(WsRemoteEndpointImplBase.java:262)
		at org.apache.tomcat.websocket.WsSession.sendCloseMessage(WsSession.java:824)
		at org.apache.tomcat.websocket.WsSession.onClose(WsSession.java:747)
		at org.apache.tomcat.websocket.WsFrameBase.processDataControl(WsFrameBase.java:367)
		at org.apache.tomcat.websocket.WsFrameBase.processData(WsFrameBase.java:296)
		at org.apache.tomcat.websocket.WsFrameBase.processInputBuffer(WsFrameBase.java:133)
		at org.apache.tomcat.websocket.server.WsFrameServer.onDataAvailable(WsFrameServer.java:85)
		at org.apache.tomcat.websocket.server.WsFrameServer.doOnDataAvailable(WsFrameServer.java:183)
		at org.apache.tomcat.websocket.server.WsFrameServer.notifyDataAvailable(WsFrameServer.java:162)
		at org.apache.tomcat.websocket.server.WsHttpUpgradeHandler.upgradeDispatch(WsHttpUpgradeHandler.java:157)
		at org.apache.coyote.http11.upgrade.UpgradeProcessorInternal.dispatch(UpgradeProcessorInternal.java:60)
		at org.apache.coyote.AbstractProcessorLight.process(AbstractProcessorLight.java:59)
		at org.apache.coyote.AbstractProtocol$ConnectionHandler.process(AbstractProtocol.java:893)
		at org.apache.tomcat.util.net.NioEndpoint$SocketProcessor.doRun(NioEndpoint.java:1789)
		at org.apache.tomcat.util.net.SocketProcessorBase.run(SocketProcessorBase.java:49)
		at org.apache.tomcat.util.threads.ThreadPoolExecutor.runWorker(ThreadPoolExecutor.java:1191)
		at org.apache.tomcat.util.threads.ThreadPoolExecutor$Worker.run(ThreadPoolExecutor.java:659)
		at org.apache.tomcat.util.threads.TaskThread$WrappingRunnable.run(TaskThread.java:61)
		at java.base/java.lang.Thread.run(Thread.java:1589)
	Caused by: java.io.IOException: Nawiązane połączenie zostało przerwane przez oprogramowanie zainstalowane w komputerze-hoście
		at java.base/sun.nio.ch.SocketDispatcher.write0(Native Method)
		at java.base/sun.nio.ch.SocketDispatcher.write(SocketDispatcher.java:54)
		at java.base/sun.nio.ch.IOUtil.writeFromNativeBuffer(IOUtil.java:136)
		at java.base/sun.nio.ch.IOUtil.write(IOUtil.java:101)
		at java.base/sun.nio.ch.IOUtil.write(IOUtil.java:57)
		at java.base/sun.nio.ch.SocketChannelImpl.write(SocketChannelImpl.java:542)
		at org.apache.tomcat.util.net.SecureNioChannel.flush(SecureNioChannel.java:124)
		at org.apache.tomcat.util.net.SecureNioChannel.write(SecureNioChannel.java:861)
		at org.apache.tomcat.util.net.NioEndpoint$NioSocketWrapper$NioOperationState.run(NioEndpoint.java:1680)
		at org.apache.tomcat.util.net.SocketWrapperBase$OperationState.start(SocketWrapperBase.java:1070)
		at org.apache.tomcat.util.net.SocketWrapperBase.vectoredOperation(SocketWrapperBase.java:1489)
		at org.apache.tomcat.util.net.SocketWrapperBase.write(SocketWrapperBase.java:1415)
		at org.apache.tomcat.util.net.SocketWrapperBase.write(SocketWrapperBase.java:1386)
		at org.apache.tomcat.websocket.server.WsRemoteEndpointImplServer.doWrite(WsRemoteEndpointImplServer.java:93)
		at org.apache.tomcat.websocket.WsRemoteEndpointImplBase.writeMessagePart(WsRemoteEndpointImplBase.java:512)
		at org.apache.tomcat.websocket.WsRemoteEndpointImplBase.sendMessageBlock(WsRemoteEndpointImplBase.java:314)
		... 19 more
13-Dec-2022 00:08:00.661 INFO [main] org.apache.catalina.core.StandardServer.await A valid shutdown command was received via the shutdown port. Stopping the Server instance.
13-Dec-2022 00:08:00.661 INFO [main] org.apache.coyote.AbstractProtocol.pause Pausing ProtocolHandler ["http-nio-8080"]
13-Dec-2022 00:08:00.676 INFO [main] org.apache.coyote.AbstractProtocol.pause Pausing ProtocolHandler ["https-openssl-nio-8443"]
13-Dec-2022 00:08:00.692 INFO [main] org.apache.catalina.core.StandardService.stopInternal Stopping service [Catalina]
13-Dec-2022 00:08:00.758 INFO [main] org.apache.coyote.AbstractProtocol.stop Stopping ProtocolHandler ["http-nio-8080"]
13-Dec-2022 00:08:00.782 INFO [main] org.apache.coyote.AbstractProtocol.stop Stopping ProtocolHandler ["https-openssl-nio-8443"]
13-Dec-2022 00:08:00.799 INFO [main] org.apache.coyote.AbstractProtocol.destroy Destroying ProtocolHandler ["http-nio-8080"]
13-Dec-2022 00:08:00.799 INFO [main] org.apache.coyote.AbstractProtocol.destroy Destroying ProtocolHandler ["https-openssl-nio-8443"]
