24-Nov-2022 16:56:25.311 INFO [main] org.apache.catalina.startup.VersionLoggerListener.log Server version name:   Apache Tomcat/9.0.68
24-Nov-2022 16:56:25.313 INFO [main] org.apache.catalina.startup.VersionLoggerListener.log Server built:          Oct 3 2022 19:06:10 UTC
24-Nov-2022 16:56:25.314 INFO [main] org.apache.catalina.startup.VersionLoggerListener.log Server version number: 9.0.68.0
24-Nov-2022 16:56:25.314 INFO [main] org.apache.catalina.startup.VersionLoggerListener.log OS Name:               Windows 10
24-Nov-2022 16:56:25.314 INFO [main] org.apache.catalina.startup.VersionLoggerListener.log OS Version:            10.0
24-Nov-2022 16:56:25.314 INFO [main] org.apache.catalina.startup.VersionLoggerListener.log Architecture:          amd64
24-Nov-2022 16:56:25.314 INFO [main] org.apache.catalina.startup.VersionLoggerListener.log Java Home:             C:\Program Files\Java\jdk-17
24-Nov-2022 16:56:25.314 INFO [main] org.apache.catalina.startup.VersionLoggerListener.log JVM Version:           17+35-LTS-2724
24-Nov-2022 16:56:25.314 INFO [main] org.apache.catalina.startup.VersionLoggerListener.log JVM Vendor:            Oracle Corporation
24-Nov-2022 16:56:25.314 INFO [main] org.apache.catalina.startup.VersionLoggerListener.log CATALINA_BASE:         C:\Users\Mateusz\Professional Design Project\pdp-augmented-reality\Desktop Application\apache-tomcat-9.0.68
24-Nov-2022 16:56:25.314 INFO [main] org.apache.catalina.startup.VersionLoggerListener.log CATALINA_HOME:         C:\Users\Mateusz\Professional Design Project\pdp-augmented-reality\Desktop Application\apache-tomcat-9.0.68
24-Nov-2022 16:56:25.321 INFO [main] org.apache.catalina.startup.VersionLoggerListener.log Command line argument: --add-opens=java.base/java.lang=ALL-UNNAMED
24-Nov-2022 16:56:25.321 INFO [main] org.apache.catalina.startup.VersionLoggerListener.log Command line argument: --add-opens=java.base/java.io=ALL-UNNAMED
24-Nov-2022 16:56:25.323 INFO [main] org.apache.catalina.startup.VersionLoggerListener.log Command line argument: --add-opens=java.base/java.util=ALL-UNNAMED
24-Nov-2022 16:56:25.323 INFO [main] org.apache.catalina.startup.VersionLoggerListener.log Command line argument: --add-opens=java.base/java.util.concurrent=ALL-UNNAMED
24-Nov-2022 16:56:25.323 INFO [main] org.apache.catalina.startup.VersionLoggerListener.log Command line argument: --add-opens=java.rmi/sun.rmi.transport=ALL-UNNAMED
24-Nov-2022 16:56:25.323 INFO [main] org.apache.catalina.startup.VersionLoggerListener.log Command line argument: -Djava.util.logging.config.file=C:\Users\Mateusz\Professional Design Project\pdp-augmented-reality\Desktop Application\apache-tomcat-9.0.68\conf\logging.properties
24-Nov-2022 16:56:25.323 INFO [main] org.apache.catalina.startup.VersionLoggerListener.log Command line argument: -Djava.util.logging.manager=org.apache.juli.ClassLoaderLogManager
24-Nov-2022 16:56:25.324 INFO [main] org.apache.catalina.startup.VersionLoggerListener.log Command line argument: -Djdk.tls.ephemeralDHKeySize=2048
24-Nov-2022 16:56:25.324 INFO [main] org.apache.catalina.startup.VersionLoggerListener.log Command line argument: -Djava.protocol.handler.pkgs=org.apache.catalina.webresources
24-Nov-2022 16:56:25.324 INFO [main] org.apache.catalina.startup.VersionLoggerListener.log Command line argument: -Dignore.endorsed.dirs=
24-Nov-2022 16:56:25.324 INFO [main] org.apache.catalina.startup.VersionLoggerListener.log Command line argument: -Dcatalina.base=C:\Users\Mateusz\Professional Design Project\pdp-augmented-reality\Desktop Application\apache-tomcat-9.0.68
24-Nov-2022 16:56:25.324 INFO [main] org.apache.catalina.startup.VersionLoggerListener.log Command line argument: -Dcatalina.home=C:\Users\Mateusz\Professional Design Project\pdp-augmented-reality\Desktop Application\apache-tomcat-9.0.68
24-Nov-2022 16:56:25.325 INFO [main] org.apache.catalina.startup.VersionLoggerListener.log Command line argument: -Djava.io.tmpdir=C:\Users\Mateusz\Professional Design Project\pdp-augmented-reality\Desktop Application\apache-tomcat-9.0.68\temp
24-Nov-2022 16:56:25.330 INFO [main] org.apache.catalina.core.AprLifecycleListener.lifecycleEvent Loaded Apache Tomcat Native library [1.2.35] using APR version [1.7.0].
24-Nov-2022 16:56:25.330 INFO [main] org.apache.catalina.core.AprLifecycleListener.lifecycleEvent APR capabilities: IPv6 [true], sendfile [true], accept filters [false], random [true], UDS [true].
24-Nov-2022 16:56:25.331 INFO [main] org.apache.catalina.core.AprLifecycleListener.lifecycleEvent APR/OpenSSL configuration: useAprConnector [false], useOpenSSL [true]
24-Nov-2022 16:56:25.340 INFO [main] org.apache.catalina.core.AprLifecycleListener.initializeSSL OpenSSL successfully initialized [OpenSSL 1.1.1q  5 Jul 2022]
24-Nov-2022 16:56:25.520 INFO [main] org.apache.coyote.AbstractProtocol.init Initializing ProtocolHandler ["http-nio-8080"]
24-Nov-2022 16:56:25.536 INFO [main] org.apache.catalina.startup.Catalina.load Server initialization in [374] milliseconds
24-Nov-2022 16:56:25.584 INFO [main] org.apache.catalina.core.StandardService.startInternal Starting service [Catalina]
24-Nov-2022 16:56:25.584 INFO [main] org.apache.catalina.core.StandardEngine.startInternal Starting Servlet engine: [Apache Tomcat/9.0.68]
24-Nov-2022 16:56:25.596 INFO [main] org.apache.catalina.startup.HostConfig.deployWAR Deploying web application archive [C:\Users\Mateusz\Professional Design Project\pdp-augmented-reality\Desktop Application\apache-tomcat-9.0.68\webapps\engiee#camera.war]
24-Nov-2022 16:56:25.682 WARNING [main] org.apache.tomcat.util.descriptor.web.WebXml.setVersion Unknown version string [5.0]. Default version will be used.
24-Nov-2022 16:56:25.841 INFO [main] org.apache.catalina.startup.HostConfig.deployWAR Deployment of web application archive [C:\Users\Mateusz\Professional Design Project\pdp-augmented-reality\Desktop Application\apache-tomcat-9.0.68\webapps\engiee#camera.war] has finished in [244] ms
24-Nov-2022 16:56:25.842 INFO [main] org.apache.catalina.startup.HostConfig.deployWAR Deploying web application archive [C:\Users\Mateusz\Professional Design Project\pdp-augmented-reality\Desktop Application\apache-tomcat-9.0.68\webapps\engiee#phone.war]
24-Nov-2022 16:56:25.870 WARNING [main] org.apache.tomcat.util.descriptor.web.WebXml.setVersion Unknown version string [5.0]. Default version will be used.
24-Nov-2022 16:56:25.892 INFO [main] org.apache.catalina.startup.HostConfig.deployWAR Deployment of web application archive [C:\Users\Mateusz\Professional Design Project\pdp-augmented-reality\Desktop Application\apache-tomcat-9.0.68\webapps\engiee#phone.war] has finished in [50] ms
24-Nov-2022 16:56:25.894 INFO [main] org.apache.catalina.startup.HostConfig.deployWAR Deploying web application archive [C:\Users\Mateusz\Professional Design Project\pdp-augmented-reality\Desktop Application\apache-tomcat-9.0.68\webapps\engiee#screen.war]
24-Nov-2022 16:56:25.906 WARNING [main] org.apache.tomcat.util.descriptor.web.WebXml.setVersion Unknown version string [5.0]. Default version will be used.
24-Nov-2022 16:56:25.928 INFO [main] org.apache.catalina.startup.HostConfig.deployWAR Deployment of web application archive [C:\Users\Mateusz\Professional Design Project\pdp-augmented-reality\Desktop Application\apache-tomcat-9.0.68\webapps\engiee#screen.war] has finished in [34] ms
24-Nov-2022 16:56:25.930 INFO [main] org.apache.catalina.startup.HostConfig.deployWAR Deploying web application archive [C:\Users\Mateusz\Professional Design Project\pdp-augmented-reality\Desktop Application\apache-tomcat-9.0.68\webapps\engiee.war]
24-Nov-2022 16:56:25.943 WARNING [main] org.apache.tomcat.util.descriptor.web.WebXml.setVersion Unknown version string [5.0]. Default version will be used.
24-Nov-2022 16:56:25.962 INFO [main] org.apache.catalina.startup.HostConfig.deployWAR Deployment of web application archive [C:\Users\Mateusz\Professional Design Project\pdp-augmented-reality\Desktop Application\apache-tomcat-9.0.68\webapps\engiee.war] has finished in [32] ms
24-Nov-2022 16:56:25.963 INFO [main] org.apache.catalina.startup.HostConfig.deployDirectory Deploying web application directory [C:\Users\Mateusz\Professional Design Project\pdp-augmented-reality\Desktop Application\apache-tomcat-9.0.68\webapps\docs]
24-Nov-2022 16:56:25.985 INFO [main] org.apache.catalina.startup.HostConfig.deployDirectory Deployment of web application directory [C:\Users\Mateusz\Professional Design Project\pdp-augmented-reality\Desktop Application\apache-tomcat-9.0.68\webapps\docs] has finished in [22] ms
24-Nov-2022 16:56:25.985 INFO [main] org.apache.catalina.startup.HostConfig.deployDirectory Deploying web application directory [C:\Users\Mateusz\Professional Design Project\pdp-augmented-reality\Desktop Application\apache-tomcat-9.0.68\webapps\examples]
24-Nov-2022 16:56:26.377 INFO [main] org.apache.catalina.startup.HostConfig.deployDirectory Deployment of web application directory [C:\Users\Mateusz\Professional Design Project\pdp-augmented-reality\Desktop Application\apache-tomcat-9.0.68\webapps\examples] has finished in [392] ms
24-Nov-2022 16:56:26.378 INFO [main] org.apache.catalina.startup.HostConfig.deployDirectory Deploying web application directory [C:\Users\Mateusz\Professional Design Project\pdp-augmented-reality\Desktop Application\apache-tomcat-9.0.68\webapps\host-manager]
24-Nov-2022 16:56:26.417 INFO [main] org.apache.catalina.startup.HostConfig.deployDirectory Deployment of web application directory [C:\Users\Mateusz\Professional Design Project\pdp-augmented-reality\Desktop Application\apache-tomcat-9.0.68\webapps\host-manager] has finished in [39] ms
24-Nov-2022 16:56:26.417 INFO [main] org.apache.catalina.startup.HostConfig.deployDirectory Deploying web application directory [C:\Users\Mateusz\Professional Design Project\pdp-augmented-reality\Desktop Application\apache-tomcat-9.0.68\webapps\manager]
24-Nov-2022 16:56:26.460 INFO [main] org.apache.catalina.startup.HostConfig.deployDirectory Deployment of web application directory [C:\Users\Mateusz\Professional Design Project\pdp-augmented-reality\Desktop Application\apache-tomcat-9.0.68\webapps\manager] has finished in [43] ms
24-Nov-2022 16:56:26.461 INFO [main] org.apache.catalina.startup.HostConfig.deployDirectory Deploying web application directory [C:\Users\Mateusz\Professional Design Project\pdp-augmented-reality\Desktop Application\apache-tomcat-9.0.68\webapps\ROOT]
24-Nov-2022 16:56:26.482 INFO [main] org.apache.catalina.startup.HostConfig.deployDirectory Deployment of web application directory [C:\Users\Mateusz\Professional Design Project\pdp-augmented-reality\Desktop Application\apache-tomcat-9.0.68\webapps\ROOT] has finished in [22] ms
24-Nov-2022 16:56:26.484 INFO [main] org.apache.coyote.AbstractProtocol.start Starting ProtocolHandler ["http-nio-8080"]
24-Nov-2022 16:56:26.519 INFO [main] org.apache.catalina.startup.Catalina.start Server startup in [984] milliseconds
24-Nov-2022 16:57:46.500 INFO [main] org.apache.catalina.core.StandardServer.await A valid shutdown command was received via the shutdown port. Stopping the Server instance.
24-Nov-2022 16:57:46.500 INFO [main] org.apache.coyote.AbstractProtocol.pause Pausing ProtocolHandler ["http-nio-8080"]
24-Nov-2022 16:57:46.509 INFO [main] org.apache.catalina.core.StandardService.stopInternal Stopping service [Catalina]
24-Nov-2022 16:57:46.524 INFO [main] org.apache.coyote.AbstractProtocol.stop Stopping ProtocolHandler ["http-nio-8080"]
24-Nov-2022 16:57:46.538 INFO [main] org.apache.coyote.AbstractProtocol.destroy Destroying ProtocolHandler ["http-nio-8080"]
24-Nov-2022 17:01:11.844 INFO [main] org.apache.catalina.startup.VersionLoggerListener.log Server version name:   Apache Tomcat/9.0.68
24-Nov-2022 17:01:11.846 INFO [main] org.apache.catalina.startup.VersionLoggerListener.log Server built:          Oct 3 2022 19:06:10 UTC
24-Nov-2022 17:01:11.846 INFO [main] org.apache.catalina.startup.VersionLoggerListener.log Server version number: 9.0.68.0
24-Nov-2022 17:01:11.846 INFO [main] org.apache.catalina.startup.VersionLoggerListener.log OS Name:               Windows 10
24-Nov-2022 17:01:11.846 INFO [main] org.apache.catalina.startup.VersionLoggerListener.log OS Version:            10.0
24-Nov-2022 17:01:11.846 INFO [main] org.apache.catalina.startup.VersionLoggerListener.log Architecture:          amd64
24-Nov-2022 17:01:11.846 INFO [main] org.apache.catalina.startup.VersionLoggerListener.log Java Home:             C:\Program Files\Java\jdk-17
24-Nov-2022 17:01:11.846 INFO [main] org.apache.catalina.startup.VersionLoggerListener.log JVM Version:           17+35-LTS-2724
24-Nov-2022 17:01:11.847 INFO [main] org.apache.catalina.startup.VersionLoggerListener.log JVM Vendor:            Oracle Corporation
24-Nov-2022 17:01:11.847 INFO [main] org.apache.catalina.startup.VersionLoggerListener.log CATALINA_BASE:         C:\Users\Mateusz\Professional Design Project\pdp-augmented-reality\Desktop Application\apache-tomcat-9.0.68
24-Nov-2022 17:01:11.847 INFO [main] org.apache.catalina.startup.VersionLoggerListener.log CATALINA_HOME:         C:\Users\Mateusz\Professional Design Project\pdp-augmented-reality\Desktop Application\apache-tomcat-9.0.68
24-Nov-2022 17:01:11.852 INFO [main] org.apache.catalina.startup.VersionLoggerListener.log Command line argument: --add-opens=java.base/java.lang=ALL-UNNAMED
24-Nov-2022 17:01:11.853 INFO [main] org.apache.catalina.startup.VersionLoggerListener.log Command line argument: --add-opens=java.base/java.io=ALL-UNNAMED
24-Nov-2022 17:01:11.853 INFO [main] org.apache.catalina.startup.VersionLoggerListener.log Command line argument: --add-opens=java.base/java.util=ALL-UNNAMED
24-Nov-2022 17:01:11.853 INFO [main] org.apache.catalina.startup.VersionLoggerListener.log Command line argument: --add-opens=java.base/java.util.concurrent=ALL-UNNAMED
24-Nov-2022 17:01:11.853 INFO [main] org.apache.catalina.startup.VersionLoggerListener.log Command line argument: --add-opens=java.rmi/sun.rmi.transport=ALL-UNNAMED
24-Nov-2022 17:01:11.853 INFO [main] org.apache.catalina.startup.VersionLoggerListener.log Command line argument: -Djava.util.logging.config.file=C:\Users\Mateusz\Professional Design Project\pdp-augmented-reality\Desktop Application\apache-tomcat-9.0.68\conf\logging.properties
24-Nov-2022 17:01:11.854 INFO [main] org.apache.catalina.startup.VersionLoggerListener.log Command line argument: -Djava.util.logging.manager=org.apache.juli.ClassLoaderLogManager
24-Nov-2022 17:01:11.854 INFO [main] org.apache.catalina.startup.VersionLoggerListener.log Command line argument: -Djdk.tls.ephemeralDHKeySize=2048
24-Nov-2022 17:01:11.854 INFO [main] org.apache.catalina.startup.VersionLoggerListener.log Command line argument: -Djava.protocol.handler.pkgs=org.apache.catalina.webresources
24-Nov-2022 17:01:11.854 INFO [main] org.apache.catalina.startup.VersionLoggerListener.log Command line argument: -Dignore.endorsed.dirs=
24-Nov-2022 17:01:11.854 INFO [main] org.apache.catalina.startup.VersionLoggerListener.log Command line argument: -Dcatalina.base=C:\Users\Mateusz\Professional Design Project\pdp-augmented-reality\Desktop Application\apache-tomcat-9.0.68
24-Nov-2022 17:01:11.854 INFO [main] org.apache.catalina.startup.VersionLoggerListener.log Command line argument: -Dcatalina.home=C:\Users\Mateusz\Professional Design Project\pdp-augmented-reality\Desktop Application\apache-tomcat-9.0.68
24-Nov-2022 17:01:11.855 INFO [main] org.apache.catalina.startup.VersionLoggerListener.log Command line argument: -Djava.io.tmpdir=C:\Users\Mateusz\Professional Design Project\pdp-augmented-reality\Desktop Application\apache-tomcat-9.0.68\temp
24-Nov-2022 17:01:11.857 INFO [main] org.apache.catalina.core.AprLifecycleListener.lifecycleEvent Loaded Apache Tomcat Native library [1.2.35] using APR version [1.7.0].
24-Nov-2022 17:01:11.857 INFO [main] org.apache.catalina.core.AprLifecycleListener.lifecycleEvent APR capabilities: IPv6 [true], sendfile [true], accept filters [false], random [true], UDS [true].
24-Nov-2022 17:01:11.857 INFO [main] org.apache.catalina.core.AprLifecycleListener.lifecycleEvent APR/OpenSSL configuration: useAprConnector [false], useOpenSSL [true]
24-Nov-2022 17:01:11.861 INFO [main] org.apache.catalina.core.AprLifecycleListener.initializeSSL OpenSSL successfully initialized [OpenSSL 1.1.1q  5 Jul 2022]
24-Nov-2022 17:01:12.013 INFO [main] org.apache.coyote.AbstractProtocol.init Initializing ProtocolHandler ["http-nio-8080"]
24-Nov-2022 17:01:12.029 INFO [main] org.apache.catalina.startup.Catalina.load Server initialization in [311] milliseconds
24-Nov-2022 17:01:12.067 INFO [main] org.apache.catalina.core.StandardService.startInternal Starting service [Catalina]
24-Nov-2022 17:01:12.067 INFO [main] org.apache.catalina.core.StandardEngine.startInternal Starting Servlet engine: [Apache Tomcat/9.0.68]
24-Nov-2022 17:01:12.080 INFO [main] org.apache.catalina.startup.HostConfig.deployWAR Deploying web application archive [C:\Users\Mateusz\Professional Design Project\pdp-augmented-reality\Desktop Application\apache-tomcat-9.0.68\webapps\engiee#camera.war]
24-Nov-2022 17:01:12.167 WARNING [main] org.apache.tomcat.util.descriptor.web.WebXml.setVersion Unknown version string [5.0]. Default version will be used.
24-Nov-2022 17:01:12.326 INFO [main] org.apache.catalina.startup.HostConfig.deployWAR Deployment of web application archive [C:\Users\Mateusz\Professional Design Project\pdp-augmented-reality\Desktop Application\apache-tomcat-9.0.68\webapps\engiee#camera.war] has finished in [246] ms
24-Nov-2022 17:01:12.327 INFO [main] org.apache.catalina.startup.HostConfig.deployWAR Deploying web application archive [C:\Users\Mateusz\Professional Design Project\pdp-augmented-reality\Desktop Application\apache-tomcat-9.0.68\webapps\engiee#phone.war]
24-Nov-2022 17:01:12.341 WARNING [main] org.apache.tomcat.util.descriptor.web.WebXml.setVersion Unknown version string [5.0]. Default version will be used.
24-Nov-2022 17:01:12.364 INFO [main] org.apache.catalina.startup.HostConfig.deployWAR Deployment of web application archive [C:\Users\Mateusz\Professional Design Project\pdp-augmented-reality\Desktop Application\apache-tomcat-9.0.68\webapps\engiee#phone.war] has finished in [37] ms
24-Nov-2022 17:01:12.365 INFO [main] org.apache.catalina.startup.HostConfig.deployWAR Deploying web application archive [C:\Users\Mateusz\Professional Design Project\pdp-augmented-reality\Desktop Application\apache-tomcat-9.0.68\webapps\engiee#screen.war]
24-Nov-2022 17:01:12.377 WARNING [main] org.apache.tomcat.util.descriptor.web.WebXml.setVersion Unknown version string [5.0]. Default version will be used.
24-Nov-2022 17:01:12.399 INFO [main] org.apache.catalina.startup.HostConfig.deployWAR Deployment of web application archive [C:\Users\Mateusz\Professional Design Project\pdp-augmented-reality\Desktop Application\apache-tomcat-9.0.68\webapps\engiee#screen.war] has finished in [34] ms
24-Nov-2022 17:01:12.400 INFO [main] org.apache.catalina.startup.HostConfig.deployWAR Deploying web application archive [C:\Users\Mateusz\Professional Design Project\pdp-augmented-reality\Desktop Application\apache-tomcat-9.0.68\webapps\engiee.war]
24-Nov-2022 17:01:12.424 WARNING [main] org.apache.tomcat.util.descriptor.web.WebXml.setVersion Unknown version string [5.0]. Default version will be used.
24-Nov-2022 17:01:12.443 INFO [main] org.apache.catalina.startup.HostConfig.deployWAR Deployment of web application archive [C:\Users\Mateusz\Professional Design Project\pdp-augmented-reality\Desktop Application\apache-tomcat-9.0.68\webapps\engiee.war] has finished in [42] ms
24-Nov-2022 17:01:12.443 INFO [main] org.apache.catalina.startup.HostConfig.deployDirectory Deploying web application directory [C:\Users\Mateusz\Professional Design Project\pdp-augmented-reality\Desktop Application\apache-tomcat-9.0.68\webapps\docs]
24-Nov-2022 17:01:12.464 INFO [main] org.apache.catalina.startup.HostConfig.deployDirectory Deployment of web application directory [C:\Users\Mateusz\Professional Design Project\pdp-augmented-reality\Desktop Application\apache-tomcat-9.0.68\webapps\docs] has finished in [20] ms
24-Nov-2022 17:01:12.464 INFO [main] org.apache.catalina.startup.HostConfig.deployDirectory Deploying web application directory [C:\Users\Mateusz\Professional Design Project\pdp-augmented-reality\Desktop Application\apache-tomcat-9.0.68\webapps\examples]
24-Nov-2022 17:01:12.796 INFO [main] org.apache.catalina.startup.HostConfig.deployDirectory Deployment of web application directory [C:\Users\Mateusz\Professional Design Project\pdp-augmented-reality\Desktop Application\apache-tomcat-9.0.68\webapps\examples] has finished in [332] ms
24-Nov-2022 17:01:12.796 INFO [main] org.apache.catalina.startup.HostConfig.deployDirectory Deploying web application directory [C:\Users\Mateusz\Professional Design Project\pdp-augmented-reality\Desktop Application\apache-tomcat-9.0.68\webapps\host-manager]
24-Nov-2022 17:01:12.834 INFO [main] org.apache.catalina.startup.HostConfig.deployDirectory Deployment of web application directory [C:\Users\Mateusz\Professional Design Project\pdp-augmented-reality\Desktop Application\apache-tomcat-9.0.68\webapps\host-manager] has finished in [37] ms
24-Nov-2022 17:01:12.834 INFO [main] org.apache.catalina.startup.HostConfig.deployDirectory Deploying web application directory [C:\Users\Mateusz\Professional Design Project\pdp-augmented-reality\Desktop Application\apache-tomcat-9.0.68\webapps\manager]
24-Nov-2022 17:01:12.873 INFO [main] org.apache.catalina.startup.HostConfig.deployDirectory Deployment of web application directory [C:\Users\Mateusz\Professional Design Project\pdp-augmented-reality\Desktop Application\apache-tomcat-9.0.68\webapps\manager] has finished in [39] ms
24-Nov-2022 17:01:12.874 INFO [main] org.apache.catalina.startup.HostConfig.deployDirectory Deploying web application directory [C:\Users\Mateusz\Professional Design Project\pdp-augmented-reality\Desktop Application\apache-tomcat-9.0.68\webapps\ROOT]
24-Nov-2022 17:01:12.896 INFO [main] org.apache.catalina.startup.HostConfig.deployDirectory Deployment of web application directory [C:\Users\Mateusz\Professional Design Project\pdp-augmented-reality\Desktop Application\apache-tomcat-9.0.68\webapps\ROOT] has finished in [22] ms
24-Nov-2022 17:01:12.898 INFO [main] org.apache.coyote.AbstractProtocol.start Starting ProtocolHandler ["http-nio-8080"]
24-Nov-2022 17:01:12.932 INFO [main] org.apache.catalina.startup.Catalina.start Server startup in [903] milliseconds
24-Nov-2022 17:04:20.002 INFO [main] org.apache.catalina.core.StandardServer.await A valid shutdown command was received via the shutdown port. Stopping the Server instance.
24-Nov-2022 17:04:20.002 INFO [main] org.apache.coyote.AbstractProtocol.pause Pausing ProtocolHandler ["http-nio-8080"]
24-Nov-2022 17:04:20.010 INFO [main] org.apache.catalina.core.StandardService.stopInternal Stopping service [Catalina]
24-Nov-2022 17:04:20.026 INFO [main] org.apache.coyote.AbstractProtocol.stop Stopping ProtocolHandler ["http-nio-8080"]
24-Nov-2022 17:04:20.038 INFO [main] org.apache.coyote.AbstractProtocol.destroy Destroying ProtocolHandler ["http-nio-8080"]
24-Nov-2022 17:05:38.820 INFO [main] org.apache.catalina.startup.VersionLoggerListener.log Server version name:   Apache Tomcat/9.0.68
24-Nov-2022 17:05:38.822 INFO [main] org.apache.catalina.startup.VersionLoggerListener.log Server built:          Oct 3 2022 19:06:10 UTC
24-Nov-2022 17:05:38.822 INFO [main] org.apache.catalina.startup.VersionLoggerListener.log Server version number: 9.0.68.0
24-Nov-2022 17:05:38.822 INFO [main] org.apache.catalina.startup.VersionLoggerListener.log OS Name:               Windows 10
24-Nov-2022 17:05:38.822 INFO [main] org.apache.catalina.startup.VersionLoggerListener.log OS Version:            10.0
24-Nov-2022 17:05:38.822 INFO [main] org.apache.catalina.startup.VersionLoggerListener.log Architecture:          amd64
24-Nov-2022 17:05:38.823 INFO [main] org.apache.catalina.startup.VersionLoggerListener.log Java Home:             C:\Program Files\Java\jdk-17
24-Nov-2022 17:05:38.823 INFO [main] org.apache.catalina.startup.VersionLoggerListener.log JVM Version:           17+35-LTS-2724
24-Nov-2022 17:05:38.823 INFO [main] org.apache.catalina.startup.VersionLoggerListener.log JVM Vendor:            Oracle Corporation
24-Nov-2022 17:05:38.823 INFO [main] org.apache.catalina.startup.VersionLoggerListener.log CATALINA_BASE:         C:\Users\Mateusz\Professional Design Project\pdp-augmented-reality\Desktop Application\apache-tomcat-9.0.68
24-Nov-2022 17:05:38.823 INFO [main] org.apache.catalina.startup.VersionLoggerListener.log CATALINA_HOME:         C:\Users\Mateusz\Professional Design Project\pdp-augmented-reality\Desktop Application\apache-tomcat-9.0.68
24-Nov-2022 17:05:38.829 INFO [main] org.apache.catalina.startup.VersionLoggerListener.log Command line argument: --add-opens=java.base/java.lang=ALL-UNNAMED
24-Nov-2022 17:05:38.830 INFO [main] org.apache.catalina.startup.VersionLoggerListener.log Command line argument: --add-opens=java.base/java.io=ALL-UNNAMED
24-Nov-2022 17:05:38.830 INFO [main] org.apache.catalina.startup.VersionLoggerListener.log Command line argument: --add-opens=java.base/java.util=ALL-UNNAMED
24-Nov-2022 17:05:38.830 INFO [main] org.apache.catalina.startup.VersionLoggerListener.log Command line argument: --add-opens=java.base/java.util.concurrent=ALL-UNNAMED
24-Nov-2022 17:05:38.830 INFO [main] org.apache.catalina.startup.VersionLoggerListener.log Command line argument: --add-opens=java.rmi/sun.rmi.transport=ALL-UNNAMED
24-Nov-2022 17:05:38.830 INFO [main] org.apache.catalina.startup.VersionLoggerListener.log Command line argument: -Djava.util.logging.config.file=C:\Users\Mateusz\Professional Design Project\pdp-augmented-reality\Desktop Application\apache-tomcat-9.0.68\conf\logging.properties
24-Nov-2022 17:05:38.830 INFO [main] org.apache.catalina.startup.VersionLoggerListener.log Command line argument: -Djava.util.logging.manager=org.apache.juli.ClassLoaderLogManager
24-Nov-2022 17:05:38.831 INFO [main] org.apache.catalina.startup.VersionLoggerListener.log Command line argument: -Djdk.tls.ephemeralDHKeySize=2048
24-Nov-2022 17:05:38.831 INFO [main] org.apache.catalina.startup.VersionLoggerListener.log Command line argument: -Djava.protocol.handler.pkgs=org.apache.catalina.webresources
24-Nov-2022 17:05:38.831 INFO [main] org.apache.catalina.startup.VersionLoggerListener.log Command line argument: -Dignore.endorsed.dirs=
24-Nov-2022 17:05:38.831 INFO [main] org.apache.catalina.startup.VersionLoggerListener.log Command line argument: -Dcatalina.base=C:\Users\Mateusz\Professional Design Project\pdp-augmented-reality\Desktop Application\apache-tomcat-9.0.68
24-Nov-2022 17:05:38.831 INFO [main] org.apache.catalina.startup.VersionLoggerListener.log Command line argument: -Dcatalina.home=C:\Users\Mateusz\Professional Design Project\pdp-augmented-reality\Desktop Application\apache-tomcat-9.0.68
24-Nov-2022 17:05:38.833 INFO [main] org.apache.catalina.startup.VersionLoggerListener.log Command line argument: -Djava.io.tmpdir=C:\Users\Mateusz\Professional Design Project\pdp-augmented-reality\Desktop Application\apache-tomcat-9.0.68\temp
24-Nov-2022 17:05:38.835 INFO [main] org.apache.catalina.core.AprLifecycleListener.lifecycleEvent Loaded Apache Tomcat Native library [1.2.35] using APR version [1.7.0].
24-Nov-2022 17:05:38.836 INFO [main] org.apache.catalina.core.AprLifecycleListener.lifecycleEvent APR capabilities: IPv6 [true], sendfile [true], accept filters [false], random [true], UDS [true].
24-Nov-2022 17:05:38.836 INFO [main] org.apache.catalina.core.AprLifecycleListener.lifecycleEvent APR/OpenSSL configuration: useAprConnector [false], useOpenSSL [true]
24-Nov-2022 17:05:38.839 INFO [main] org.apache.catalina.core.AprLifecycleListener.initializeSSL OpenSSL successfully initialized [OpenSSL 1.1.1q  5 Jul 2022]
24-Nov-2022 17:05:38.994 INFO [main] org.apache.coyote.AbstractProtocol.init Initializing ProtocolHandler ["http-nio-8080"]
24-Nov-2022 17:05:39.010 INFO [main] org.apache.catalina.startup.Catalina.load Server initialization in [315] milliseconds
24-Nov-2022 17:05:39.040 INFO [main] org.apache.catalina.core.StandardService.startInternal Starting service [Catalina]
24-Nov-2022 17:05:39.040 INFO [main] org.apache.catalina.core.StandardEngine.startInternal Starting Servlet engine: [Apache Tomcat/9.0.68]
24-Nov-2022 17:05:39.051 INFO [main] org.apache.catalina.startup.HostConfig.deployWAR Deploying web application archive [C:\Users\Mateusz\Professional Design Project\pdp-augmented-reality\Desktop Application\apache-tomcat-9.0.68\webapps\engiee#camera.war]
24-Nov-2022 17:05:39.136 WARNING [main] org.apache.tomcat.util.descriptor.web.WebXml.setVersion Unknown version string [5.0]. Default version will be used.
24-Nov-2022 17:05:39.294 INFO [main] org.apache.catalina.startup.HostConfig.deployWAR Deployment of web application archive [C:\Users\Mateusz\Professional Design Project\pdp-augmented-reality\Desktop Application\apache-tomcat-9.0.68\webapps\engiee#camera.war] has finished in [243] ms
24-Nov-2022 17:05:39.295 INFO [main] org.apache.catalina.startup.HostConfig.deployWAR Deploying web application archive [C:\Users\Mateusz\Professional Design Project\pdp-augmented-reality\Desktop Application\apache-tomcat-9.0.68\webapps\engiee#phone.war]
24-Nov-2022 17:05:39.320 WARNING [main] org.apache.tomcat.util.descriptor.web.WebXml.setVersion Unknown version string [5.0]. Default version will be used.
24-Nov-2022 17:05:39.345 INFO [main] org.apache.catalina.startup.HostConfig.deployWAR Deployment of web application archive [C:\Users\Mateusz\Professional Design Project\pdp-augmented-reality\Desktop Application\apache-tomcat-9.0.68\webapps\engiee#phone.war] has finished in [50] ms
24-Nov-2022 17:05:39.346 INFO [main] org.apache.catalina.startup.HostConfig.deployWAR Deploying web application archive [C:\Users\Mateusz\Professional Design Project\pdp-augmented-reality\Desktop Application\apache-tomcat-9.0.68\webapps\engiee#screen.war]
24-Nov-2022 17:05:39.359 WARNING [main] org.apache.tomcat.util.descriptor.web.WebXml.setVersion Unknown version string [5.0]. Default version will be used.
24-Nov-2022 17:05:39.380 INFO [main] org.apache.catalina.startup.HostConfig.deployWAR Deployment of web application archive [C:\Users\Mateusz\Professional Design Project\pdp-augmented-reality\Desktop Application\apache-tomcat-9.0.68\webapps\engiee#screen.war] has finished in [34] ms
24-Nov-2022 17:05:39.381 INFO [main] org.apache.catalina.startup.HostConfig.deployWAR Deploying web application archive [C:\Users\Mateusz\Professional Design Project\pdp-augmented-reality\Desktop Application\apache-tomcat-9.0.68\webapps\engiee.war]
24-Nov-2022 17:05:39.394 WARNING [main] org.apache.tomcat.util.descriptor.web.WebXml.setVersion Unknown version string [5.0]. Default version will be used.
24-Nov-2022 17:05:39.413 INFO [main] org.apache.catalina.startup.HostConfig.deployWAR Deployment of web application archive [C:\Users\Mateusz\Professional Design Project\pdp-augmented-reality\Desktop Application\apache-tomcat-9.0.68\webapps\engiee.war] has finished in [32] ms
24-Nov-2022 17:05:39.413 INFO [main] org.apache.catalina.startup.HostConfig.deployDirectory Deploying web application directory [C:\Users\Mateusz\Professional Design Project\pdp-augmented-reality\Desktop Application\apache-tomcat-9.0.68\webapps\docs]
24-Nov-2022 17:05:39.434 INFO [main] org.apache.catalina.startup.HostConfig.deployDirectory Deployment of web application directory [C:\Users\Mateusz\Professional Design Project\pdp-augmented-reality\Desktop Application\apache-tomcat-9.0.68\webapps\docs] has finished in [21] ms
24-Nov-2022 17:05:39.435 INFO [main] org.apache.catalina.startup.HostConfig.deployDirectory Deploying web application directory [C:\Users\Mateusz\Professional Design Project\pdp-augmented-reality\Desktop Application\apache-tomcat-9.0.68\webapps\examples]
24-Nov-2022 17:05:39.777 INFO [main] org.apache.catalina.startup.HostConfig.deployDirectory Deployment of web application directory [C:\Users\Mateusz\Professional Design Project\pdp-augmented-reality\Desktop Application\apache-tomcat-9.0.68\webapps\examples] has finished in [342] ms
24-Nov-2022 17:05:39.778 INFO [main] org.apache.catalina.startup.HostConfig.deployDirectory Deploying web application directory [C:\Users\Mateusz\Professional Design Project\pdp-augmented-reality\Desktop Application\apache-tomcat-9.0.68\webapps\host-manager]
24-Nov-2022 17:05:39.816 INFO [main] org.apache.catalina.startup.HostConfig.deployDirectory Deployment of web application directory [C:\Users\Mateusz\Professional Design Project\pdp-augmented-reality\Desktop Application\apache-tomcat-9.0.68\webapps\host-manager] has finished in [39] ms
24-Nov-2022 17:05:39.817 INFO [main] org.apache.catalina.startup.HostConfig.deployDirectory Deploying web application directory [C:\Users\Mateusz\Professional Design Project\pdp-augmented-reality\Desktop Application\apache-tomcat-9.0.68\webapps\manager]
24-Nov-2022 17:05:39.855 INFO [main] org.apache.catalina.startup.HostConfig.deployDirectory Deployment of web application directory [C:\Users\Mateusz\Professional Design Project\pdp-augmented-reality\Desktop Application\apache-tomcat-9.0.68\webapps\manager] has finished in [38] ms
24-Nov-2022 17:05:39.855 INFO [main] org.apache.catalina.startup.HostConfig.deployDirectory Deploying web application directory [C:\Users\Mateusz\Professional Design Project\pdp-augmented-reality\Desktop Application\apache-tomcat-9.0.68\webapps\ROOT]
24-Nov-2022 17:05:39.877 INFO [main] org.apache.catalina.startup.HostConfig.deployDirectory Deployment of web application directory [C:\Users\Mateusz\Professional Design Project\pdp-augmented-reality\Desktop Application\apache-tomcat-9.0.68\webapps\ROOT] has finished in [22] ms
24-Nov-2022 17:05:39.879 INFO [main] org.apache.coyote.AbstractProtocol.start Starting ProtocolHandler ["http-nio-8080"]
24-Nov-2022 17:05:39.917 INFO [main] org.apache.catalina.startup.Catalina.start Server startup in [907] milliseconds
24-Nov-2022 17:06:39.780 INFO [main] org.apache.catalina.core.StandardServer.await A valid shutdown command was received via the shutdown port. Stopping the Server instance.
24-Nov-2022 17:06:39.780 INFO [main] org.apache.coyote.AbstractProtocol.pause Pausing ProtocolHandler ["http-nio-8080"]
24-Nov-2022 17:06:39.788 INFO [main] org.apache.catalina.core.StandardService.stopInternal Stopping service [Catalina]
24-Nov-2022 17:06:39.804 INFO [main] org.apache.coyote.AbstractProtocol.stop Stopping ProtocolHandler ["http-nio-8080"]
24-Nov-2022 17:06:39.814 INFO [main] org.apache.coyote.AbstractProtocol.destroy Destroying ProtocolHandler ["http-nio-8080"]
