13-Dec-2022 00:06:19.492 INFO [main] org.apache.catalina.core.ApplicationContext.log ContextListener: contextInitialized()
13-Dec-2022 00:06:19.492 INFO [main] org.apache.catalina.core.ApplicationContext.log SessionListener: contextInitialized()
13-Dec-2022 00:06:19.492 INFO [main] org.apache.catalina.core.ApplicationContext.log ContextListener: attributeAdded('StockTicker', 'async.Stockticker@3add81c4')
13-Dec-2022 00:08:00.723 INFO [main] org.apache.catalina.core.ApplicationContext.log SessionListener: contextDestroyed()
13-Dec-2022 00:08:00.723 INFO [main] org.apache.catalina.core.ApplicationContext.log ContextListener: contextDestroyed()
13-Dec-2022 00:15:31.999 INFO [main] org.apache.catalina.core.ApplicationContext.log ContextListener: contextInitialized()
13-Dec-2022 00:15:31.999 INFO [main] org.apache.catalina.core.ApplicationContext.log SessionListener: contextInitialized()
13-Dec-2022 00:15:31.999 INFO [main] org.apache.catalina.core.ApplicationContext.log ContextListener: attributeAdded('StockTicker', 'async.Stockticker@e362c57')
13-Dec-2022 01:03:56.083 INFO [main] org.apache.catalina.core.ApplicationContext.log ContextListener: contextInitialized()
13-Dec-2022 01:03:56.083 INFO [main] org.apache.catalina.core.ApplicationContext.log SessionListener: contextInitialized()
13-Dec-2022 01:03:56.083 INFO [main] org.apache.catalina.core.ApplicationContext.log ContextListener: attributeAdded('StockTicker', 'async.Stockticker@35e52059')
13-Dec-2022 01:06:59.720 INFO [main] org.apache.catalina.core.ApplicationContext.log SessionListener: contextDestroyed()
13-Dec-2022 01:06:59.720 INFO [main] org.apache.catalina.core.ApplicationContext.log ContextListener: contextDestroyed()
13-Dec-2022 01:08:04.947 INFO [main] org.apache.catalina.core.ApplicationContext.log ContextListener: contextInitialized()
13-Dec-2022 01:08:04.947 INFO [main] org.apache.catalina.core.ApplicationContext.log SessionListener: contextInitialized()
13-Dec-2022 01:08:04.950 INFO [main] org.apache.catalina.core.ApplicationContext.log ContextListener: attributeAdded('StockTicker', 'async.Stockticker@5aa360ea')
13-Dec-2022 01:09:44.515 INFO [main] org.apache.catalina.core.ApplicationContext.log SessionListener: contextDestroyed()
13-Dec-2022 01:09:44.515 INFO [main] org.apache.catalina.core.ApplicationContext.log ContextListener: contextDestroyed()
13-Dec-2022 01:11:30.467 INFO [main] org.apache.catalina.core.ApplicationContext.log ContextListener: contextInitialized()
13-Dec-2022 01:11:30.467 INFO [main] org.apache.catalina.core.ApplicationContext.log SessionListener: contextInitialized()
13-Dec-2022 01:11:30.467 INFO [main] org.apache.catalina.core.ApplicationContext.log ContextListener: attributeAdded('StockTicker', 'async.Stockticker@772485dd')
13-Dec-2022 01:15:37.512 INFO [main] org.apache.catalina.core.ApplicationContext.log SessionListener: contextDestroyed()
13-Dec-2022 01:15:37.513 INFO [main] org.apache.catalina.core.ApplicationContext.log ContextListener: contextDestroyed()
