09-Dec-2022 11:22:38.621 INFO [main] org.apache.catalina.core.ApplicationContext.log ContextListener: contextInitialized()
09-Dec-2022 11:22:38.621 INFO [main] org.apache.catalina.core.ApplicationContext.log SessionListener: contextInitialized()
09-Dec-2022 11:22:38.621 INFO [main] org.apache.catalina.core.ApplicationContext.log ContextListener: attributeAdded('StockTicker', 'async.Stockticker@443dbe42')
09-Dec-2022 11:32:14.471 INFO [main] org.apache.catalina.core.ApplicationContext.log ContextListener: contextInitialized()
09-Dec-2022 11:32:14.471 INFO [main] org.apache.catalina.core.ApplicationContext.log SessionListener: contextInitialized()
09-Dec-2022 11:32:14.476 INFO [main] org.apache.catalina.core.ApplicationContext.log ContextListener: attributeAdded('StockTicker', 'async.Stockticker@1c05a54d')
09-Dec-2022 11:36:52.403 INFO [main] org.apache.catalina.core.ApplicationContext.log ContextListener: contextInitialized()
09-Dec-2022 11:36:52.403 INFO [main] org.apache.catalina.core.ApplicationContext.log SessionListener: contextInitialized()
09-Dec-2022 11:36:52.403 INFO [main] org.apache.catalina.core.ApplicationContext.log ContextListener: attributeAdded('StockTicker', 'async.Stockticker@bae47a0')
09-Dec-2022 12:50:38.037 INFO [main] org.apache.catalina.core.ApplicationContext.log ContextListener: contextInitialized()
09-Dec-2022 12:50:38.037 INFO [main] org.apache.catalina.core.ApplicationContext.log SessionListener: contextInitialized()
09-Dec-2022 12:50:38.037 INFO [main] org.apache.catalina.core.ApplicationContext.log ContextListener: attributeAdded('StockTicker', 'async.Stockticker@62577d6')
09-Dec-2022 13:08:30.687 INFO [main] org.apache.catalina.core.ApplicationContext.log ContextListener: contextInitialized()
09-Dec-2022 13:08:30.687 INFO [main] org.apache.catalina.core.ApplicationContext.log SessionListener: contextInitialized()
09-Dec-2022 13:08:30.687 INFO [main] org.apache.catalina.core.ApplicationContext.log ContextListener: attributeAdded('StockTicker', 'async.Stockticker@6e5bfdfc')
09-Dec-2022 13:11:00.050 INFO [main] org.apache.catalina.core.ApplicationContext.log SessionListener: contextDestroyed()
09-Dec-2022 13:11:00.050 INFO [main] org.apache.catalina.core.ApplicationContext.log ContextListener: contextDestroyed()
09-Dec-2022 13:13:40.103 INFO [main] org.apache.catalina.core.ApplicationContext.log ContextListener: contextInitialized()
09-Dec-2022 13:13:40.111 INFO [main] org.apache.catalina.core.ApplicationContext.log SessionListener: contextInitialized()
09-Dec-2022 13:13:40.111 INFO [main] org.apache.catalina.core.ApplicationContext.log ContextListener: attributeAdded('StockTicker', 'async.Stockticker@35e52059')
09-Dec-2022 17:46:30.723 INFO [main] org.apache.catalina.core.ApplicationContext.log ContextListener: contextInitialized()
09-Dec-2022 17:46:30.723 INFO [main] org.apache.catalina.core.ApplicationContext.log SessionListener: contextInitialized()
09-Dec-2022 17:46:30.723 INFO [main] org.apache.catalina.core.ApplicationContext.log ContextListener: attributeAdded('StockTicker', 'async.Stockticker@7a34b7b8')
09-Dec-2022 18:07:22.469 INFO [main] org.apache.catalina.core.ApplicationContext.log ContextListener: contextInitialized()
09-Dec-2022 18:07:22.469 INFO [main] org.apache.catalina.core.ApplicationContext.log SessionListener: contextInitialized()
09-Dec-2022 18:07:22.474 INFO [main] org.apache.catalina.core.ApplicationContext.log ContextListener: attributeAdded('StockTicker', 'async.Stockticker@7a34b7b8')
09-Dec-2022 18:11:38.057 INFO [main] org.apache.catalina.core.ApplicationContext.log SessionListener: contextDestroyed()
09-Dec-2022 18:11:38.057 INFO [main] org.apache.catalina.core.ApplicationContext.log ContextListener: contextDestroyed()
09-Dec-2022 18:14:47.075 INFO [main] org.apache.catalina.core.ApplicationContext.log ContextListener: contextInitialized()
09-Dec-2022 18:14:47.075 INFO [main] org.apache.catalina.core.ApplicationContext.log SessionListener: contextInitialized()
09-Dec-2022 18:14:47.075 INFO [main] org.apache.catalina.core.ApplicationContext.log ContextListener: attributeAdded('StockTicker', 'async.Stockticker@64b31700')
09-Dec-2022 18:16:18.480 INFO [main] org.apache.catalina.core.ApplicationContext.log SessionListener: contextDestroyed()
09-Dec-2022 18:16:18.480 INFO [main] org.apache.catalina.core.ApplicationContext.log ContextListener: contextDestroyed()
09-Dec-2022 18:43:26.969 INFO [main] org.apache.catalina.core.ApplicationContext.log ContextListener: contextInitialized()
09-Dec-2022 18:43:26.969 INFO [main] org.apache.catalina.core.ApplicationContext.log SessionListener: contextInitialized()
09-Dec-2022 18:43:26.977 INFO [main] org.apache.catalina.core.ApplicationContext.log ContextListener: attributeAdded('StockTicker', 'async.Stockticker@7a34b7b8')
09-Dec-2022 19:11:36.526 INFO [main] org.apache.catalina.core.ApplicationContext.log SessionListener: contextDestroyed()
09-Dec-2022 19:11:36.526 INFO [main] org.apache.catalina.core.ApplicationContext.log ContextListener: contextDestroyed()
09-Dec-2022 23:20:55.584 INFO [main] org.apache.catalina.core.ApplicationContext.log ContextListener: contextInitialized()
09-Dec-2022 23:20:55.584 INFO [main] org.apache.catalina.core.ApplicationContext.log SessionListener: contextInitialized()
09-Dec-2022 23:20:55.585 INFO [main] org.apache.catalina.core.ApplicationContext.log ContextListener: attributeAdded('StockTicker', 'async.Stockticker@3be8821f')
09-Dec-2022 23:25:02.572 INFO [main] org.apache.catalina.core.ApplicationContext.log SessionListener: contextDestroyed()
09-Dec-2022 23:25:02.572 INFO [main] org.apache.catalina.core.ApplicationContext.log ContextListener: contextDestroyed()
