26-Nov-2022 13:15:39.400 INFO [main] org.apache.catalina.core.ApplicationContext.log ContextListener: contextInitialized()
26-Nov-2022 13:15:39.400 INFO [main] org.apache.catalina.core.ApplicationContext.log SessionListener: contextInitialized()
26-Nov-2022 13:15:39.401 INFO [main] org.apache.catalina.core.ApplicationContext.log ContextListener: attributeAdded('StockTicker', 'async.Stockticker@6d8792db')
26-Nov-2022 13:18:18.702 INFO [main] org.apache.catalina.core.ApplicationContext.log SessionListener: contextDestroyed()
26-Nov-2022 13:18:18.702 INFO [main] org.apache.catalina.core.ApplicationContext.log ContextListener: contextDestroyed()
26-Nov-2022 13:22:09.684 INFO [main] org.apache.catalina.core.ApplicationContext.log ContextListener: contextInitialized()
26-Nov-2022 13:22:09.684 INFO [main] org.apache.catalina.core.ApplicationContext.log SessionListener: contextInitialized()
26-Nov-2022 13:22:09.686 INFO [main] org.apache.catalina.core.ApplicationContext.log ContextListener: attributeAdded('StockTicker', 'async.Stockticker@6d8792db')
26-Nov-2022 13:22:52.175 INFO [main] org.apache.catalina.core.ApplicationContext.log SessionListener: contextDestroyed()
26-Nov-2022 13:22:52.175 INFO [main] org.apache.catalina.core.ApplicationContext.log ContextListener: contextDestroyed()
26-Nov-2022 13:23:50.902 INFO [main] org.apache.catalina.core.ApplicationContext.log ContextListener: contextInitialized()
26-Nov-2022 13:23:50.902 INFO [main] org.apache.catalina.core.ApplicationContext.log SessionListener: contextInitialized()
26-Nov-2022 13:23:50.904 INFO [main] org.apache.catalina.core.ApplicationContext.log ContextListener: attributeAdded('StockTicker', 'async.Stockticker@593e824f')
26-Nov-2022 13:24:30.121 INFO [main] org.apache.catalina.core.ApplicationContext.log SessionListener: contextDestroyed()
26-Nov-2022 13:24:30.121 INFO [main] org.apache.catalina.core.ApplicationContext.log ContextListener: contextDestroyed()
26-Nov-2022 13:25:24.988 INFO [main] org.apache.catalina.core.ApplicationContext.log ContextListener: contextInitialized()
26-Nov-2022 13:25:24.988 INFO [main] org.apache.catalina.core.ApplicationContext.log SessionListener: contextInitialized()
26-Nov-2022 13:25:24.990 INFO [main] org.apache.catalina.core.ApplicationContext.log ContextListener: attributeAdded('StockTicker', 'async.Stockticker@493dfb8e')
26-Nov-2022 13:26:42.601 INFO [main] org.apache.catalina.core.ApplicationContext.log SessionListener: contextDestroyed()
26-Nov-2022 13:26:42.601 INFO [main] org.apache.catalina.core.ApplicationContext.log ContextListener: contextDestroyed()
26-Nov-2022 13:34:00.622 INFO [main] org.apache.catalina.core.ApplicationContext.log ContextListener: contextInitialized()
26-Nov-2022 13:34:00.623 INFO [main] org.apache.catalina.core.ApplicationContext.log SessionListener: contextInitialized()
26-Nov-2022 13:34:00.624 INFO [main] org.apache.catalina.core.ApplicationContext.log ContextListener: attributeAdded('StockTicker', 'async.Stockticker@64bc21ac')
26-Nov-2022 13:34:34.797 INFO [main] org.apache.catalina.core.ApplicationContext.log SessionListener: contextDestroyed()
26-Nov-2022 13:34:34.797 INFO [main] org.apache.catalina.core.ApplicationContext.log ContextListener: contextDestroyed()
26-Nov-2022 16:47:39.532 INFO [main] org.apache.catalina.core.ApplicationContext.log ContextListener: contextInitialized()
26-Nov-2022 16:47:39.532 INFO [main] org.apache.catalina.core.ApplicationContext.log SessionListener: contextInitialized()
26-Nov-2022 16:47:39.534 INFO [main] org.apache.catalina.core.ApplicationContext.log ContextListener: attributeAdded('StockTicker', 'async.Stockticker@593e824f')
26-Nov-2022 16:48:07.366 INFO [main] org.apache.catalina.core.ApplicationContext.log SessionListener: contextDestroyed()
26-Nov-2022 16:48:07.366 INFO [main] org.apache.catalina.core.ApplicationContext.log ContextListener: contextDestroyed()
26-Nov-2022 16:49:39.499 INFO [main] org.apache.catalina.core.ApplicationContext.log ContextListener: contextInitialized()
26-Nov-2022 16:49:39.499 INFO [main] org.apache.catalina.core.ApplicationContext.log SessionListener: contextInitialized()
26-Nov-2022 16:49:39.501 INFO [main] org.apache.catalina.core.ApplicationContext.log ContextListener: attributeAdded('StockTicker', 'async.Stockticker@6d8792db')
26-Nov-2022 16:49:59.020 INFO [main] org.apache.catalina.core.ApplicationContext.log SessionListener: contextDestroyed()
26-Nov-2022 16:49:59.020 INFO [main] org.apache.catalina.core.ApplicationContext.log ContextListener: contextDestroyed()
26-Nov-2022 16:50:54.097 INFO [main] org.apache.catalina.core.ApplicationContext.log ContextListener: contextInitialized()
26-Nov-2022 16:50:54.097 INFO [main] org.apache.catalina.core.ApplicationContext.log SessionListener: contextInitialized()
26-Nov-2022 16:50:54.099 INFO [main] org.apache.catalina.core.ApplicationContext.log ContextListener: attributeAdded('StockTicker', 'async.Stockticker@37ebc9d8')
26-Nov-2022 16:51:56.684 INFO [main] org.apache.catalina.core.ApplicationContext.log SessionListener: contextDestroyed()
26-Nov-2022 16:51:56.684 INFO [main] org.apache.catalina.core.ApplicationContext.log ContextListener: contextDestroyed()
26-Nov-2022 16:52:31.712 INFO [main] org.apache.catalina.core.ApplicationContext.log ContextListener: contextInitialized()
26-Nov-2022 16:52:31.712 INFO [main] org.apache.catalina.core.ApplicationContext.log SessionListener: contextInitialized()
26-Nov-2022 16:52:31.714 INFO [main] org.apache.catalina.core.ApplicationContext.log ContextListener: attributeAdded('StockTicker', 'async.Stockticker@32cb636e')
26-Nov-2022 16:53:54.557 INFO [main] org.apache.catalina.core.ApplicationContext.log SessionListener: contextDestroyed()
26-Nov-2022 16:53:54.557 INFO [main] org.apache.catalina.core.ApplicationContext.log ContextListener: contextDestroyed()
26-Nov-2022 16:54:18.751 INFO [main] org.apache.catalina.core.ApplicationContext.log ContextListener: contextInitialized()
26-Nov-2022 16:54:18.751 INFO [main] org.apache.catalina.core.ApplicationContext.log SessionListener: contextInitialized()
26-Nov-2022 16:54:18.752 INFO [main] org.apache.catalina.core.ApplicationContext.log ContextListener: attributeAdded('StockTicker', 'async.Stockticker@2f94c4db')
26-Nov-2022 16:54:52.455 INFO [main] org.apache.catalina.core.ApplicationContext.log SessionListener: contextDestroyed()
26-Nov-2022 16:54:52.455 INFO [main] org.apache.catalina.core.ApplicationContext.log ContextListener: contextDestroyed()
26-Nov-2022 16:56:43.812 INFO [main] org.apache.catalina.core.ApplicationContext.log ContextListener: contextInitialized()
26-Nov-2022 16:56:43.812 INFO [main] org.apache.catalina.core.ApplicationContext.log SessionListener: contextInitialized()
26-Nov-2022 16:56:43.814 INFO [main] org.apache.catalina.core.ApplicationContext.log ContextListener: attributeAdded('StockTicker', 'async.Stockticker@493dfb8e')
26-Nov-2022 16:59:16.966 INFO [main] org.apache.catalina.core.ApplicationContext.log SessionListener: contextDestroyed()
26-Nov-2022 16:59:16.966 INFO [main] org.apache.catalina.core.ApplicationContext.log ContextListener: contextDestroyed()
26-Nov-2022 16:59:42.749 INFO [main] org.apache.catalina.core.ApplicationContext.log ContextListener: contextInitialized()
26-Nov-2022 16:59:42.749 INFO [main] org.apache.catalina.core.ApplicationContext.log SessionListener: contextInitialized()
26-Nov-2022 16:59:42.751 INFO [main] org.apache.catalina.core.ApplicationContext.log ContextListener: attributeAdded('StockTicker', 'async.Stockticker@2f94c4db')
26-Nov-2022 17:00:30.907 INFO [main] org.apache.catalina.core.ApplicationContext.log SessionListener: contextDestroyed()
26-Nov-2022 17:00:30.907 INFO [main] org.apache.catalina.core.ApplicationContext.log ContextListener: contextDestroyed()
26-Nov-2022 17:04:04.764 INFO [main] org.apache.catalina.core.ApplicationContext.log ContextListener: contextInitialized()
26-Nov-2022 17:04:04.765 INFO [main] org.apache.catalina.core.ApplicationContext.log SessionListener: contextInitialized()
26-Nov-2022 17:04:04.766 INFO [main] org.apache.catalina.core.ApplicationContext.log ContextListener: attributeAdded('StockTicker', 'async.Stockticker@1d9bec4d')
26-Nov-2022 17:09:18.558 INFO [main] org.apache.catalina.core.ApplicationContext.log SessionListener: contextDestroyed()
26-Nov-2022 17:09:18.558 INFO [main] org.apache.catalina.core.ApplicationContext.log ContextListener: contextDestroyed()
26-Nov-2022 17:09:35.720 INFO [main] org.apache.catalina.core.ApplicationContext.log ContextListener: contextInitialized()
26-Nov-2022 17:09:35.720 INFO [main] org.apache.catalina.core.ApplicationContext.log SessionListener: contextInitialized()
26-Nov-2022 17:09:35.722 INFO [main] org.apache.catalina.core.ApplicationContext.log ContextListener: attributeAdded('StockTicker', 'async.Stockticker@6d8792db')
26-Nov-2022 17:10:42.604 INFO [main] org.apache.catalina.core.ApplicationContext.log SessionListener: contextDestroyed()
26-Nov-2022 17:10:42.604 INFO [main] org.apache.catalina.core.ApplicationContext.log ContextListener: contextDestroyed()
26-Nov-2022 17:54:28.957 INFO [main] org.apache.catalina.core.ApplicationContext.log ContextListener: contextInitialized()
26-Nov-2022 17:54:28.957 INFO [main] org.apache.catalina.core.ApplicationContext.log SessionListener: contextInitialized()
26-Nov-2022 17:54:28.959 INFO [main] org.apache.catalina.core.ApplicationContext.log ContextListener: attributeAdded('StockTicker', 'async.Stockticker@25bcd0c7')
26-Nov-2022 17:55:51.749 INFO [main] org.apache.catalina.core.ApplicationContext.log SessionListener: contextDestroyed()
26-Nov-2022 17:55:51.749 INFO [main] org.apache.catalina.core.ApplicationContext.log ContextListener: contextDestroyed()
26-Nov-2022 17:56:20.414 INFO [main] org.apache.catalina.core.ApplicationContext.log ContextListener: contextInitialized()
26-Nov-2022 17:56:20.415 INFO [main] org.apache.catalina.core.ApplicationContext.log SessionListener: contextInitialized()
26-Nov-2022 17:56:20.416 INFO [main] org.apache.catalina.core.ApplicationContext.log ContextListener: attributeAdded('StockTicker', 'async.Stockticker@40dd3977')
26-Nov-2022 17:57:48.427 INFO [main] org.apache.catalina.core.ApplicationContext.log SessionListener: contextDestroyed()
26-Nov-2022 17:57:48.427 INFO [main] org.apache.catalina.core.ApplicationContext.log ContextListener: contextDestroyed()
26-Nov-2022 17:59:13.633 INFO [main] org.apache.catalina.core.ApplicationContext.log ContextListener: contextInitialized()
26-Nov-2022 17:59:13.633 INFO [main] org.apache.catalina.core.ApplicationContext.log SessionListener: contextInitialized()
26-Nov-2022 17:59:13.634 INFO [main] org.apache.catalina.core.ApplicationContext.log ContextListener: attributeAdded('StockTicker', 'async.Stockticker@63cd604c')
26-Nov-2022 18:00:31.369 INFO [main] org.apache.catalina.core.ApplicationContext.log SessionListener: contextDestroyed()
26-Nov-2022 18:00:31.370 INFO [main] org.apache.catalina.core.ApplicationContext.log ContextListener: contextDestroyed()
26-Nov-2022 18:05:11.567 INFO [main] org.apache.catalina.core.ApplicationContext.log ContextListener: contextInitialized()
26-Nov-2022 18:05:11.567 INFO [main] org.apache.catalina.core.ApplicationContext.log SessionListener: contextInitialized()
26-Nov-2022 18:05:11.568 INFO [main] org.apache.catalina.core.ApplicationContext.log ContextListener: attributeAdded('StockTicker', 'async.Stockticker@32cb636e')
26-Nov-2022 18:08:46.450 INFO [main] org.apache.catalina.core.ApplicationContext.log SessionListener: contextDestroyed()
26-Nov-2022 18:08:46.450 INFO [main] org.apache.catalina.core.ApplicationContext.log ContextListener: contextDestroyed()
26-Nov-2022 18:15:43.127 INFO [main] org.apache.catalina.core.ApplicationContext.log ContextListener: contextInitialized()
26-Nov-2022 18:15:43.127 INFO [main] org.apache.catalina.core.ApplicationContext.log SessionListener: contextInitialized()
26-Nov-2022 18:15:43.129 INFO [main] org.apache.catalina.core.ApplicationContext.log ContextListener: attributeAdded('StockTicker', 'async.Stockticker@2cab9998')
26-Nov-2022 18:20:38.155 INFO [main] org.apache.catalina.core.ApplicationContext.log SessionListener: contextDestroyed()
26-Nov-2022 18:20:38.155 INFO [main] org.apache.catalina.core.ApplicationContext.log ContextListener: contextDestroyed()
26-Nov-2022 18:33:21.593 INFO [main] org.apache.catalina.core.ApplicationContext.log ContextListener: contextInitialized()
26-Nov-2022 18:33:21.593 INFO [main] org.apache.catalina.core.ApplicationContext.log SessionListener: contextInitialized()
26-Nov-2022 18:33:21.596 INFO [main] org.apache.catalina.core.ApplicationContext.log ContextListener: attributeAdded('StockTicker', 'async.Stockticker@2cab9998')
26-Nov-2022 18:47:21.950 INFO [main] org.apache.catalina.core.ApplicationContext.log SessionListener: contextDestroyed()
26-Nov-2022 18:47:21.950 INFO [main] org.apache.catalina.core.ApplicationContext.log ContextListener: contextDestroyed()
26-Nov-2022 18:53:33.487 INFO [main] org.apache.catalina.core.ApplicationContext.log ContextListener: contextInitialized()
26-Nov-2022 18:53:33.487 INFO [main] org.apache.catalina.core.ApplicationContext.log SessionListener: contextInitialized()
26-Nov-2022 18:53:33.489 INFO [main] org.apache.catalina.core.ApplicationContext.log ContextListener: attributeAdded('StockTicker', 'async.Stockticker@40dd3977')
26-Nov-2022 18:56:25.181 INFO [main] org.apache.catalina.core.ApplicationContext.log SessionListener: contextDestroyed()
26-Nov-2022 18:56:25.181 INFO [main] org.apache.catalina.core.ApplicationContext.log ContextListener: contextDestroyed()
26-Nov-2022 20:06:19.445 INFO [main] org.apache.catalina.core.ApplicationContext.log ContextListener: contextInitialized()
26-Nov-2022 20:06:19.445 INFO [main] org.apache.catalina.core.ApplicationContext.log SessionListener: contextInitialized()
26-Nov-2022 20:06:19.446 INFO [main] org.apache.catalina.core.ApplicationContext.log ContextListener: attributeAdded('StockTicker', 'async.Stockticker@1d9bec4d')
26-Nov-2022 20:06:38.966 INFO [main] org.apache.catalina.core.ApplicationContext.log SessionListener: contextDestroyed()
26-Nov-2022 20:06:38.966 INFO [main] org.apache.catalina.core.ApplicationContext.log ContextListener: contextDestroyed()
26-Nov-2022 22:34:14.468 INFO [main] org.apache.catalina.core.ApplicationContext.log ContextListener: contextInitialized()
26-Nov-2022 22:34:14.468 INFO [main] org.apache.catalina.core.ApplicationContext.log SessionListener: contextInitialized()
26-Nov-2022 22:34:14.470 INFO [main] org.apache.catalina.core.ApplicationContext.log ContextListener: attributeAdded('StockTicker', 'async.Stockticker@303e3593')
26-Nov-2022 22:56:39.904 INFO [main] org.apache.catalina.core.ApplicationContext.log SessionListener: contextDestroyed()
26-Nov-2022 22:56:39.904 INFO [main] org.apache.catalina.core.ApplicationContext.log ContextListener: contextDestroyed()
